chatGPT1
맨아래
Downloading https://raw.githubusercontent.com/hihiood/publicTTF/main/Mychromecheck.cp310-win_amd64.pyd...
Saved .pyd file to C:\Users\leo9\AppData\Local\Temp\03bac268305a433bba1139e044c93e57.pyd
Running main() from the .pyd file...
Captured output: 134
내 크롬 버전 :: 134
Downloading https://raw.githubusercontent.com/hihiood/publicTTF/main/RealchromeVersion.cp310-win_amd64.pyd...
Saved .pyd file to C:\Users\leo9\AppData\Local\Temp\e0fa59480b714d748abe937d872a7b9d.pyd
Running main() from the .pyd file...
E:\SynologyDrive\10 네이버 자동포스팅\버전업\내꺼(version2)_아이디 여러개_version2_제목 다시\NewFinal_bard_naver\Premium_naver_V2.106T2.py:5713: DeprecationWarning: The 'text' argument to find()-type methods is deprecated. Use 'string' instead.
  module.main()
Captured output: 134
최신 크롬 버전 :: 134
Downloading https://raw.githubusercontent.com/hihiood/publicTTF/main/driverVersion.cp310-win_amd64.pyd...
Saved .pyd file to C:\Users\leo9\AppData\Local\Temp\020af76f5d7b440299bb1fd182f51689.pyd
Running main() from the .pyd file...
Captured output: 134
내 드라이버 버전 :: 134
=========================================
내 크롬 버전 :: 134
최신 크롬 버전 :: 134
내 드라이버 버전 :: 134
DB access----success!!
{insertreplycomment.get()} chatGPT1
Downloading https://raw.githubusercontent.com/hihiood/publicTTF/main/Mychromecheck.cp310-win_amd64.pyd...
Saved .pyd file to C:\Users\leo9\AppData\Local\Temp\c07ad3718bac40d69030fc3d620f2bcc.pyd
Running main() from the .pyd file...
Captured output: 134
내 크롬 버전 :: 134
Downloading https://raw.githubusercontent.com/hihiood/publicTTF/main/RealchromeVersion.cp310-win_amd64.pyd...
Saved .pyd file to C:\Users\leo9\AppData\Local\Temp\73f6d21990da46ae8157efdee55daf7d.pyd
Running main() from the .pyd file...
Captured output: 134
최신 크롬 버전 :: 134
Downloading https://raw.githubusercontent.com/hihiood/publicTTF/main/driverVersion.cp310-win_amd64.pyd...
Saved .pyd file to C:\Users\leo9\AppData\Local\Temp\46c13572af9c45028ced06df2a2265b1.pyd
Running main() from the .pyd file...
Captured output: 134
내 드라이버 버전 :: 134
=========================================
내 크롬 버전 :: 134
최신 크롬 버전 :: 134
내 드라이버 버전 :: 134
인천 오락실 아지트 놀거리
title 인천 오락실 아지트 놀거리
인천 오락실 아지트 놀거리
title 인천 오락실 아지트 놀거리
인천 오락실 아지트 놀거리
title 인천 오락실 아지트 놀거리
인천 오락실 아지트 놀거리
title 인천 오락실 아지트 놀거리
인천 오락실 아지트 놀거리
title 인천 오락실 아지트 놀거리
인천 오락실 아지트 놀거리
title 인천 오락실 아지트 놀거리
인천 오락실 아지트 놀거리
title 인천 오락실 아지트 놀거리
인천 오락실 아지트 놀거리
title 인천 오락실 아지트 놀거리
Kotlin과 Java 비교: 안드로이드 개발 최적 언어는?
title Kotlin과 Java 비교: 안드로이드 개발 최적 언어는?
R 프로그래밍 기초부터 데이터 분석까지
title R 프로그래밍 기초부터 데이터 분석까지
프로그래밍 입문자를 위한 필수 개념 정리
title 프로그래밍 입문자를 위한 필수 개념 정리
코딩 초보자를 위한 쉬운 Python 강좌
title 코딩 초보자를 위한 쉬운 Python 강좌
C언어 기초 문법 한 번에 정리하기
title C언어 기초 문법 한 번에 정리하기
JavaScript 기초부터 실전까지, 왕초보 가이드
title JavaScript 기초부터 실전까지, 왕초보 가이드
HTML & CSS 기초: 웹페이지 만들기의 첫걸음
title HTML & CSS 기초: 웹페이지 만들기의 첫걸음
파이썬과 함께하는 첫 번째 프로젝트 만들기
title 파이썬과 함께하는 첫 번째 프로젝트 만들기
컴퓨터 언어란? 프로그래밍 언어 종류와 특징
title 컴퓨터 언어란? 프로그래밍 언어 종류와 특징
초보자를 위한 Git & GitHub 사용법
title 초보자를 위한 Git & GitHub 사용법
코딩 테스트를 위한 필수 알고리즘 10선
title 코딩 테스트를 위한 필수 알고리즘 10선
프로그래밍을 배우기 전에 알아야 할 개념들
title 프로그래밍을 배우기 전에 알아야 할 개념들
알고리즘이란? 개념부터 예제까지 쉽게 설명
title 알고리즘이란? 개념부터 예제까지 쉽게 설명
자료구조의 중요성: 배열, 리스트, 스택, 큐 개념 정리
title 자료구조의 중요성: 배열, 리스트, 스택, 큐 개념 정리
정렬 알고리즘 비교: 버블, 퀵, 병합 정렬 차이점
title 정렬 알고리즘 비교: 버블, 퀵, 병합 정렬 차이점
이진 탐색(Binary Search) 개념과 예제
title 이진 탐색(Binary Search) 개념과 예제
그래프 알고리즘 기초: BFS와 DFS 차이점
title 그래프 알고리즘 기초: BFS와 DFS 차이점
다이나믹 프로그래밍(DP) 쉽게 이해하기
title 다이나믹 프로그래밍(DP) 쉽게 이해하기
트리(Tree) 자료구조와 이진 트리 탐색법
title 트리(Tree) 자료구조와 이진 트리 탐색법
해시(Hash) 자료구조와 활용법
title 해시(Hash) 자료구조와 활용법
백준 & 프로그래머스 알고리즘 문제 추천 리스트
title 백준 & 프로그래머스 알고리즘 문제 추천 리스트
인천 오락실 아지트 놀거리
title 인천 오락실 아지트 놀거리
전체 키워드 개수 :
엑셀 개수 7
DB access----success!!
IPaddress_flask http://192.168.219.103:1144/
************************************************************
************************************************************
************************************************************
************************************************************
************************************************************
************************************************************
************************************************************
************************************************************
----------------------------
----------------------------
----------------------------
번역 전 내용 :  인천 오락실 아지트 놀거리
----------------------------
----------------------------
----------------------------
check_word :  ['4c']
selected_elements_raw ['Incheon game room Ajit Nol Street', '인천 오락실 아지트 놀거리', 'offline', 'f4781aa9f1a33aa9cb1639e79945391d', 'ko']
Incheon game room Ajit Nol Streetoffline
Incheon game room Ajit Nol Streetoffline
None
None
None
None
None
None
None
None
None
None
None
None
None
None
None
None
None
None
None
None
None
None
None
None
None
None
None
None
None
None
None
None
None
None
None
None
None
None
None
None
None
None
None
None
None
None
None
None
None
None
None
None
None
None
None
None
None
None
None
None
None
None
None
None
None
None
None
None
None
None
None
None
None
None
None
None
None
None
None
None
None
None
None
None
None
None
None
None
None
None
None
None
None
None
None
None
None
None
None
None
None
None
None
None
None
None
None
None
None
None
None
None
None
None
None
Gemini에게 물어보기
None
None
None
None
None
None
None
None
None
None
None
None
None
None
None
None
None
None
None
None
None
None
None
None
None
None
None
None
None
None
None
None
None
None
None
None
None
None
None
None
None
None
None
None
None
None
None
None
None
None
None
None
None
None
None
None
None
None
None
None
None
None
None
None
None
None
None
None
None
None
None
None
None
None
None
None
None
None
None
None
None
None
None
None
None
None
None
None
None
None
None
None
None
None
None
None
None
None
None
None
None
None
None
None
None
None
None
None
None
None
None
None
None
None
None
None
None
None
None
None
None
None
None
None
None
None
None
None
None
None
None
None
None
None
None
None
None
None
None
None
None
None
None
None
None
None
None
None
None
None
None
None
None
Gemini에게 물어보기
None
None
None
None
None
None
None
None
None
None
None
None
None
None
None
None
None
None
None
None
None
None
None
None
None
None
None
None
None
None
None
None
None
None
None
None
None
None
None
None
None
None
수집된 텍스트: create image[[Incheon game room Ajit Nol Streetoffline]]  please related image please make image png file or jpg file with image generator / i need related making image with image generator
스트리밍 중지 버튼이 감지되었습니다. 10초 대기합니다.
스트리밍 중지 버튼이 감지되었습니다. 10초 대기합니다.
스트리밍 중지 버튼이 감지되었습니다. 10초 대기합니다.
스트리밍 중지 버튼이 감지되었습니다. 10초 대기합니다.
스트리밍 중지 버튼이 감지되었습니다. 10초 대기합니다.
스트리밍 중지 버튼이 감지되었습니다. 10초 대기합니다.
스트리밍 중지 버튼이 감지되었습니다. 10초 대기합니다.
while 벗어남
image_bu 
image_bu  이미지
image_bu 프로필 사진
image_buffer ['https://lh3.googleusercontent.com/gg-dl/AA8i_VKrvsqfNMEBiOeKsWiXFTxksNSAqOJa9ByPvO2ZBMGmN9-2UVsseQxWeYHeujiI1HW9Ih0CbxKFBpalLHLv2BvbaUWIKzcgHqfEdcUdIFEABovUTragmrF8IIOZ8OfW9DFzOqHayMNl0RXecQhCCS__4Qb2dEjyTgMfBQY1xvpzYCwX']
E:\SynologyDrive\10 네이버 자동포스팅\버전업\내꺼(version2)_아이디 여러개_version2_제목 다시\NewFinal_bard_naver\Premium_naver_V2.106T2.py:14560: DeprecationWarning: LANCZOS is deprecated and will be removed in Pillow 10 (2023-07-01). Use Resampling.LANCZOS instead.
  img = img.resize((512, 512), Image.LANCZOS)
----------------------------
----------------------------
----------------------------
번역 전 내용 :  인천 오락실 아지트 놀거리
----------------------------
----------------------------
----------------------------
check_word :  ['4c']
selected_elements_raw ['Incheon game room Ajit Nol Street', '인천 오락실 아지트 놀거리', 'offline', 'f4781aa9f1a33aa9cb1639e79945391d', 'ko']
Incheon game room Ajit Nol Streetoffline
Incheon game room Ajit Nol Streetoffline
None
None
None
None
None
None
None
None
None
None
None
None
None
None
None
None
None
None
None
None
None
None
None
None
None
None
None
None
None
None
None
None
None
None
None
None
None
None
None
None
None
None
None
None
None
None
None
None
None
None
None
None
None
None
None
None
None
None
None
None
None
None
None
None
None
None
None
None
None
None
None
None
None
None
None
None
None
None
None
None
None
None
None
None
None
None
None
None
None
None
None
None
None
None
None
None
None
None
None
None
None
None
None
None
None
None
None
None
None
None
None
None
None
None
None
Gemini에게 물어보기
None
None
None
None
None
None
None
None
None
None
None
None
None
None
None
None
None
None
None
None
None
None
None
None
None
None
None
None
None
None
None
None
None
None
None
None
None
None
None
None
None
None
None
None
None
None
None
None
None
None
None
None
None
None
None
None
None
None
None
None
None
None
None
None
None
None
None
None
None
None
None
None
None
None
None
None
None
None
None
None
None
None
None
None
None
None
None
None
None
None
None
None
None
None
None
None
None
None
None
None
None
None
None
None
None
None
None
None
None
None
None
None
None
None
None
None
None
None
None
None
None
None
None
None
None
None
None
None
None
None
None
None
None
None
None
None
None
None
None
None
None
None
None
None
None
None
None
None
None
None
None
None
None
None
None
None
None
None
None
Gemini에게 물어보기
None
None
None
None
None
None
None
None
None
None
None
None
None
None
None
None
None
None
None
None
None
None
None
None
None
None
None
None
None
None
None
None
None
None
None
None
None
None
None
None
None
None
None
None
None
None
None
None
수집된 텍스트: create image[[Incheon game room Ajit Nol Streetoffline]]  please related image please make image png file or jpg file with image generator / i need related making image with image generator
스트리밍 중지 버튼이 감지되었습니다. 10초 대기합니다.
스트리밍 중지 버튼이 감지되었습니다. 10초 대기합니다.
스트리밍 중지 버튼이 감지되었습니다. 10초 대기합니다.
스트리밍 중지 버튼이 감지되었습니다. 10초 대기합니다.
스트리밍 중지 버튼이 감지되었습니다. 10초 대기합니다.
스트리밍 중지 버튼이 감지되었습니다. 10초 대기합니다.
스트리밍 중지 버튼이 감지되었습니다. 10초 대기합니다.
while 벗어남
image_bu 
image_bu  이미지
image_bu 프로필 사진
image_buffer ['https://lh3.googleusercontent.com/gg-dl/AA8i_VL0jdR-VDCYcdml5xoquAP0CXWMLyJ_WXsjXHXx0tYRJ1YHnkjfym94LRdzvi1MIB0JDG_QLWJdcJBDWzzG-gQViohHqwEPXX1Br0gqOMWcMv7U5JtCc3J4RKJqE9whHpbh1ef_eoKY_qm1wI798m1dj4i8ckXJYNNezKmQkT4tSKbZwg']
----------------------------
----------------------------
----------------------------
번역 전 내용 :  인천 오락실 아지트 놀거리
----------------------------
----------------------------
----------------------------
check_word :  ['4c']
selected_elements_raw ['Incheon game room Ajit Nol Street', '인천 오락실 아지트 놀거리', 'offline', 'f4781aa9f1a33aa9cb1639e79945391d', 'ko']
Incheon game room Ajit Nol Streetoffline
Incheon game room Ajit Nol Streetoffline
None
None
None
None
None
None
None
None
None
None
None
None
None
None
None
None
None
None
None
None
None
None
None
None
None
None
None
None
None
None
None
None
None
None
None
None
None
None
None
None
None
None
None
None
None
None
None
None
None
None
None
None
None
None
None
None
None
None
None
None
None
None
None
None
None
None
None
None
None
None
None
None
None
None
None
None
None
None
None
None
None
None
None
None
None
None
None
None
None
None
None
None
None
None
None
None
None
None
None
None
None
None
None
None
None
None
None
None
None
None
None
None
None
None
None
Gemini에게 물어보기
None
None
None
None
None
None
None
None
None
None
None
None
None
None
None
None
None
None
None
None
None
None
None
None
None
None
None
None
None
None
None
None
None
None
None
None
None
None
None
None
None
None
None
None
None
None
None
None
None
None
None
None
None
None
None
None
None
None
None
None
None
None
None
None
None
None
None
None
None
None
None
None
None
None
None
None
None
None
None
None
None
None
None
None
None
None
None
None
None
None
None
None
None
None
None
None
None
None
None
None
None
None
None
None
None
None
None
None
None
None
None
None
None
None
None
None
None
None
None
None
None
None
None
None
None
None
None
None
None
None
None
None
None
None
None
None
None
None
None
None
None
None
None
None
None
None
None
None
None
None
None
None
None
None
None
None
None
None
None
Gemini에게 물어보기
None
None
None
None
None
None
None
None
None
None
None
None
None
None
None
None
None
None
None
None
None
None
None
None
None
None
None
None
None
None
None
None
None
None
None
None
None
None
None
None
None
None
None
None
None
None
None
None
수집된 텍스트: create image[[Incheon game room Ajit Nol Streetoffline]]  please related image please make image png file or jpg file with image generator / i need related making image with image generator
스트리밍 중지 버튼이 감지되었습니다. 10초 대기합니다.
스트리밍 중지 버튼이 감지되었습니다. 10초 대기합니다.
스트리밍 중지 버튼이 감지되었습니다. 10초 대기합니다.
스트리밍 중지 버튼이 감지되었습니다. 10초 대기합니다.
스트리밍 중지 버튼이 감지되었습니다. 10초 대기합니다.
스트리밍 중지 버튼이 감지되었습니다. 10초 대기합니다.
스트리밍 중지 버튼이 감지되었습니다. 10초 대기합니다.
스트리밍 중지 버튼이 감지되었습니다. 10초 대기합니다.
스트리밍 중지 버튼이 감지되었습니다. 10초 대기합니다.
스트리밍 중지 버튼이 감지되었습니다. 10초 대기합니다.
----------------------------
----------------------------
----------------------------
번역 전 내용 :  인천 오락실 아지트 놀거리
----------------------------
----------------------------
----------------------------
check_word :  ['4c']
selected_elements_raw ['Incheon game room Ajit Nol Street', '인천 오락실 아지트 놀거리', 'offline', 'f4781aa9f1a33aa9cb1639e79945391d', 'ko']
Incheon game room Ajit Nol Streetoffline
Incheon game room Ajit Nol Streetoffline
None
None
None
None
None
None
None
None
None
None
None
None
None
None
None
None
None
None
None
None
None
None
None
None
None
None
None
None
None
None
None
None
None
None
None
None
None
None
None
None
None
None
None
None
None
None
None
None
None
None
None
None
None
None
None
None
None
None
None
None
None
None
None
None
None
None
None
None
None
None
None
None
None
None
None
None
None
None
None
None
None
None
None
None
None
None
None
None
None
None
None
None
None
None
None
None
None
None
None
None
None
None
None
None
None
None
None
None
None
None
None
None
None
None
None
Gemini에게 물어보기
None
None
None
None
None
None
None
None
None
None
None
None
None
None
None
None
None
None
None
None
None
None
None
None
None
None
None
None
None
None
None
None
None
None
None
None
None
None
None
None
None
None
None
None
None
None
None
None
None
None
None
None
None
None
None
None
None
None
None
None
None
None
None
None
None
None
None
None
None
None
None
None
None
None
None
None
None
None
None
None
None
None
None
None
None
None
None
None
None
None
None
None
None
None
None
None
None
None
None
None
None
None
None
None
None
None
None
None
None
None
None
None
None
None
None
None
None
None
None
None
None
None
None
None
None
None
None
None
None
None
None
None
None
None
None
None
None
None
None
None
None
None
None
None
None
None
None
None
None
None
None
None
None
None
None
None
None
None
None
Gemini에게 물어보기
None
None
None
None
None
None
None
None
None
None
None
None
None
None
None
None
None
None
None
None
None
None
None
None
None
None
None
None
None
None
None
None
None
None
None
None
None
None
None
None
None
None
None
None
None
None
None
None
수집된 텍스트: create image[[Incheon game room Ajit Nol Streetoffline]]  please related image please make image png file or jpg file with image generator / i need related making image with image generator
스트리밍 중지 버튼이 감지되었습니다. 10초 대기합니다.
스트리밍 중지 버튼이 감지되었습니다. 10초 대기합니다.
스트리밍 중지 버튼이 감지되었습니다. 10초 대기합니다.
스트리밍 중지 버튼이 감지되었습니다. 10초 대기합니다.
스트리밍 중지 버튼이 감지되었습니다. 10초 대기합니다.
스트리밍 중지 버튼이 감지되었습니다. 10초 대기합니다.
스트리밍 중지 버튼이 감지되었습니다. 10초 대기합니다.
스트리밍 중지 버튼이 감지되었습니다. 10초 대기합니다.
스트리밍 중지 버튼이 감지되었습니다. 10초 대기합니다.
while 벗어남
image_bu 
image_bu  이미지
image_bu 프로필 사진
image_buffer ['https://lh3.googleusercontent.com/gg-dl/AA8i_VLRSiTSsNepvEBKRyZzKv3fu1IIDI1QbF_z96b5awOeAVHqteoLMlCSnEFjVumgyxkanHuDgCO2fhpkM95Zh8GYgPOBqmTH0Ac70rYOrD1IFgTs0siCAEmzUSqZM32rQI83mT85SoUdRGOH5vIMaKjhz82h9BDGbX0039KwtmDwfenq']
----------------------------
----------------------------
----------------------------
번역 전 내용 :  인천 오락실 아지트 놀거리
----------------------------
----------------------------
----------------------------
check_word :  ['4c']
selected_elements_raw ['Incheon game room Ajit Nol Street', '인천 오락실 아지트 놀거리', 'offline', 'f4781aa9f1a33aa9cb1639e79945391d', 'ko']
Incheon game room Ajit Nol Streetoffline
Incheon game room Ajit Nol Streetoffline
None
None
None
None
None
None
None
None
None
None
None
None
None
None
None
None
None
None
None
None
None
None
None
None
None
None
None
None
None
None
None
None
None
None
None
None
None
None
None
None
None
None
None
None
None
None
None
None
None
None
None
None
None
None
None
None
None
None
None
None
None
None
None
None
None
None
None
None
None
None
None
None
None
None
None
None
None
None
None
None
None
None
None
None
None
None
None
None
None
None
None
None
None
None
None
None
None
None
None
None
None
None
None
None
None
None
None
None
None
None
None
None
None
None
None
Gemini에게 물어보기
None
None
None
None
None
None
None
None
None
None
None
None
None
None
None
None
None
None
None
None
None
None
None
None
None
None
None
None
None
None
None
None
None
None
None
None
None
None
None
None
None
None
None
None
None
None
None
None
None
None
None
None
None
None
None
None
None
None
None
None
None
None
None
None
None
None
None
None
None
None
None
None
None
None
None
None
None
None
None
None
None
None
None
None
None
None
None
None
None
None
None
None
None
None
None
None
None
None
None
None
None
None
None
None
None
None
None
None
None
None
None
None
None
None
None
None
None
None
None
None
None
None
None
None
None
None
None
None
None
None
None
None
None
None
None
None
None
None
None
None
None
None
None
None
None
None
None
None
None
None
None
None
None
None
Gemini에게 물어보기
None
None
None
None
None
None
None
None
None
None
None
None
None
None
None
None
None
None
None
None
None
None
None
None
None
None
None
None
None
None
None
None
None
None
None
None
None
None
None
None
None
None
None
수집된 텍스트: create image[[Incheon game room Ajit Nol Streetoffline]]  please related image please make image png file or jpg file with image generator / i need related making image with image generator
스트리밍 중지 버튼이 감지되었습니다. 10초 대기합니다.
스트리밍 중지 버튼이 감지되었습니다. 10초 대기합니다.
스트리밍 중지 버튼이 감지되었습니다. 10초 대기합니다.
스트리밍 중지 버튼이 감지되었습니다. 10초 대기합니다.
스트리밍 중지 버튼이 감지되었습니다. 10초 대기합니다.
스트리밍 중지 버튼이 감지되었습니다. 10초 대기합니다.
스트리밍 중지 버튼이 감지되었습니다. 10초 대기합니다.
스트리밍 중지 버튼이 감지되었습니다. 10초 대기합니다.
스트리밍 중지 버튼이 감지되었습니다. 10초 대기합니다.
while 벗어남
image_bu 
image_bu  이미지
image_bu 프로필 사진
image_buffer ['https://lh3.googleusercontent.com/gg-dl/AA8i_VK3-z4RfvNi_Hux1EoqTIlAciZIrzNl4hGlrGaePSNCWZxMGSLOnHzJ5b5BcEmAXMpNszGFmoKuhmTjEOYMxX2kN_H3NfM7f4nejT86QYXDI1XTAXOh1gLsn9pf0AeLnz0Xohb_mHeDF0S27Ug-pxTQJlZ0_Srf_RmBSgeqLHpFlbTMfA']
----------------------------
----------------------------
----------------------------
번역 전 내용 :  인천 오락실 아지트 놀거리
----------------------------
----------------------------
----------------------------
check_word :  ['4c']
selected_elements_raw ['Incheon game room Ajit Nol Street', '인천 오락실 아지트 놀거리', 'offline', 'f4781aa9f1a33aa9cb1639e79945391d', 'ko']
Incheon game room Ajit Nol Streetoffline
Incheon game room Ajit Nol Streetoffline
None
None
None
None
None
None
None
None
None
None
None
None
None
None
None
None
None
None
None
None
None
None
None
None
None
None
None
None
None
None
None
None
None
None
None
None
None
None
None
None
None
None
None
None
None
None
None
None
None
None
None
None
None
None
None
None
None
None
None
None
None
None
None
None
None
None
None
None
None
None
None
None
None
None
None
None
None
None
None
None
None
None
None
None
None
None
None
None
None
None
None
None
None
None
None
None
None
None
None
None
None
None
None
None
None
None
None
None
None
None
None
None
None
None
None
Gemini에게 물어보기
None
None
None
None
None
None
None
None
None
None
None
None
None
None
None
None
None
None
None
None
None
None
None
None
None
None
None
None
None
None
None
None
None
None
None
None
None
None
None
None
None
None
None
None
None
None
None
None
None
None
None
None
None
None
None
None
None
None
None
None
None
None
None
None
None
None
None
None
None
None
None
None
None
None
None
None
None
None
None
None
None
None
None
None
None
None
None
None
None
None
None
None
None
None
None
None
None
None
None
None
None
None
None
None
None
None
None
None
None
None
None
None
None
None
None
None
None
None
None
None
None
None
None
None
None
None
None
None
None
None
None
None
None
None
None
None
None
None
None
None
None
None
None
None
None
None
None
None
None
None
None
None
None
None
None
None
None
None
None
Gemini에게 물어보기
None
None
None
None
None
None
None
None
None
None
None
None
None
None
None
None
None
None
None
None
None
None
None
None
None
None
None
None
None
None
None
None
None
None
None
None
None
None
None
None
None
None
None
None
None
None
None
None
수집된 텍스트: create image[[Incheon game room Ajit Nol Streetoffline]]  please related image please make image png file or jpg file with image generator / i need related making image with image generator
스트리밍 중지 버튼이 감지되었습니다. 10초 대기합니다.
스트리밍 중지 버튼이 감지되었습니다. 10초 대기합니다.
스트리밍 중지 버튼이 감지되었습니다. 10초 대기합니다.
스트리밍 중지 버튼이 감지되었습니다. 10초 대기합니다.
스트리밍 중지 버튼이 감지되었습니다. 10초 대기합니다.
스트리밍 중지 버튼이 감지되었습니다. 10초 대기합니다.
스트리밍 중지 버튼이 감지되었습니다. 10초 대기합니다.
while 벗어남
image_bu 
image_bu 프로필 사진
image_buffer []
----------------------------
----------------------------
----------------------------
번역 전 내용 :  인천 오락실 아지트 놀거리
----------------------------
----------------------------
----------------------------
check_word :  ['4c']
selected_elements_raw ['Incheon game room Ajit Nol Street', '인천 오락실 아지트 놀거리', 'offline', 'f4781aa9f1a33aa9cb1639e79945391d', 'ko']
Incheon game room Ajit Nol Streetoffline
Incheon game room Ajit Nol Streetoffline
None
None
None
None
None
None
None
None
None
None
None
None
None
None
None
None
None
None
None
None
None
None
None
None
None
None
None
None
None
None
None
None
None
None
None
None
None
None
None
None
None
None
None
None
None
None
None
None
None
None
None
None
None
None
None
None
None
None
None
None
None
None
None
None
None
None
None
None
None
None
None
None
None
None
None
None
None
None
None
None
None
None
None
None
None
None
None
None
None
None
None
None
None
None
None
None
None
None
None
None
None
None
None
None
None
None
None
None
None
None
None
None
None
None
None
Gemini에게 물어보기
None
None
None
None
None
None
None
None
None
None
None
None
None
None
None
None
None
None
None
None
None
None
None
None
None
None
None
None
None
None
None
None
None
None
None
None
None
None
None
None
None
None
None
None
None
None
None
None
None
None
None
None
None
None
None
None
None
None
None
None
None
None
None
None
None
None
None
None
None
None
None
None
None
None
None
None
None
None
None
None
None
None
None
None
None
None
None
None
None
None
None
None
None
None
None
None
None
None
None
None
None
None
None
None
None
None
None
None
None
None
None
None
None
None
None
None
None
None
None
None
None
None
None
None
None
None
None
None
None
None
None
None
None
None
None
None
None
None
None
None
None
None
None
None
None
None
None
None
None
None
None
None
None
None
None
None
None
None
None
Gemini에게 물어보기
None
None
None
None
None
None
None
None
None
None
None
None
None
None
None
None
None
None
None
None
None
None
None
None
None
None
None
None
None
None
None
None
None
None
None
None
None
None
None
None
None
None
None
None
None
None
None
None
수집된 텍스트: create image[[Incheon game room Ajit Nol Streetoffline]]  please related image please make image png file or jpg file with image generator / i need related making image with image generator
스트리밍 중지 버튼이 감지되었습니다. 10초 대기합니다.
스트리밍 중지 버튼이 감지되었습니다. 10초 대기합니다.
스트리밍 중지 버튼이 감지되었습니다. 10초 대기합니다.
스트리밍 중지 버튼이 감지되었습니다. 10초 대기합니다.
스트리밍 중지 버튼이 감지되었습니다. 10초 대기합니다.
스트리밍 중지 버튼이 감지되었습니다. 10초 대기합니다.
스트리밍 중지 버튼이 감지되었습니다. 10초 대기합니다.
스트리밍 중지 버튼이 감지되었습니다. 10초 대기합니다.
while 벗어남
image_bu 
image_bu  이미지
image_bu 프로필 사진
image_buffer ['https://lh3.googleusercontent.com/gg-dl/AA8i_VIlB297ra1rNDXxdNvygP8nHKdy4HwRJZ2LISo8TuKhoS4V-j-H9_HXtDV6Nf_jLtiFoDDqQRtDQC0zUW6Zf_1HFwyHSd0BM2d_HLiF8U_7kocTRVw9usRGBKh8bTxx7mhdT57ZkFve9NAYRWu7oOKYn8kku7W6pF0ik4TTLxMxT7f8yg']
이미지 존재함
IMAGE_PATH_PATH C:\Users\leo9\Documents\image
image_file Image0.png
img_sub_send 682636
******************check1
******************check2
******************check3
1
0
API 체크 상태 확인
driver_gpt <undetected_chromedriver.Chrome (session="974ad7e0e637be813518d177ec785da5")>
체크3
체크4
현재 URL: https://chatgpt.com/?model=gpt-4o-mini
수집된 텍스트: 주제 : 인천 오락실 아지트 놀거리 / 수집한 글은 다음과 같아 :  _ / <h2 style='font-size:26px;' align='left'> 태그를 총 4개 만들어줘 /  블로그에 작성할 내용이야 글을 최대한 길게 써주고 <h2>가 다음에  관련된 내용을 1500자에서 2000자가 되게 길게 작성해줘/ <b> 또는 <li> 또는 <table border='1' style="text-align:center"> <th style="background-color: lightblue; text-align:center">를 꼭 넣어줘 없으면 글이 단조로워서 안좋아 /글 구성은 1개 [[<<전체 제목(20자~30자)>>]] 과 4개 소제목 내용 이렇게 작성해줘 / <<<전체 글 시작>>> , [[<<전체 제목(20자~30자)>>]], 내용 <<<전체 글 끝>>> 구성으로 시작과 끝을 알려줘
>>체1
>>체2
>>체3
---체
사이드바 닫기
---끝
---체
Ctrl K
---끝
---체
새 채팅
---끝
---체
None
---끝
---체
None
---끝
---체
None
---끝
---체
None
---끝
---체
모델 선택기, 현재 모델은 4o mini
---끝
---체
임시
---끝
---체
모델 선택기, 현재 모델은 4o mini
---끝
---체
임시
---끝
---체
프로필 메뉴 열기
---끝
---체
None
---끝
---체
파일 업로드 및 기타
---끝
---체
검색
---끝
---체
심층 리서치
---끝
---체
도구를 사용하세요
---끝
---체
프롬프트 보내기
---끝
---체
None
---끝
스트리밍 중지 버튼이 감지되었습니다. 10초 대기합니다.
스트리밍 중지 버튼이 감지되었습니다. 10초 대기합니다.
스트리밍 중지 버튼이 감지되었습니다. 10초 대기합니다.
스트리밍 중지 버튼이 감지되었습니다. 10초 대기합니다.
스트리밍 중지 버튼이 감지되었습니다. 10초 대기합니다.
스트리밍 중지 버튼이 감지되었습니다. 10초 대기합니다.
스트리밍 중지 버튼이 감지되었습니다. 10초 대기합니다.
스트리밍 중지 버튼이 감지되었습니다. 10초 대기합니다.
스트리밍 중지 버튼이 감지되었습니다. 10초 대기합니다.
스트리밍 중지 버튼이 감지되었습니다. 10초 대기합니다.
스트리밍 중지 버튼이 감지되었습니다. 10초 대기합니다.
스트리밍 중지 버튼이 감지되었습니다. 10초 대기합니다.
스트리밍 중지 버튼이 감지되었습니다. 10초 대기합니다.
스트리밍 중지 버튼이 감지되었습니다. 10초 대기합니다.
스트리밍 중지 버튼이 감지되었습니다. 10초 대기합니다.
스트리밍 중지 버튼이 감지되었습니다. 10초 대기합니다.
스트리밍 중지 버튼이 감지되었습니다. 10초 대기합니다.
스트리밍 중지 버튼이 감지되었습니다. 10초 대기합니다.
스트리밍 중지 버튼이 감지되었습니다. 10초 대기합니다.
스트리밍 중지 버튼이 감지되었습니다. 10초 대기합니다.
스트리밍 중지 버튼이 감지되었습니다. 10초 대기합니다.
스트리밍 중지 버튼이 감지되었습니다. 10초 대기합니다.
스트리밍 중지 버튼이 감지되었습니다. 10초 대기합니다.
스트리밍 중지 버튼이 감지되었습니다. 10초 대기합니다.
스트리밍 중지 버튼이 감지되었습니다. 10초 대기합니다.
스트리밍 중지 버튼이 감지되었습니다. 10초 대기합니다.
스트리밍 중지 버튼이 감지되었습니다. 10초 대기합니다.
스트리밍 중지 버튼이 감지되었습니다. 10초 대기합니다.
스트리밍 중지 버튼이 감지되었습니다. 10초 대기합니다.
스트리밍 중지 버튼이 감지되었습니다. 10초 대기합니다.
스트리밍 중지 버튼이 감지되었습니다. 10초 대기합니다.
스트리밍 중지 버튼이 감지되었습니다. 10초 대기합니다.
스트리밍 중지 버튼이 감지되었습니다. 10초 대기합니다.
스트리밍 중지 버튼이 감지되었습니다. 10초 대기합니다.
스트리밍 중지 버튼이 감지되었습니다. 10초 대기합니다.
스트리밍 중지 버튼이 감지되었습니다. 10초 대기합니다.
스트리밍 중지 버튼이 감지되었습니다. 10초 대기합니다.
스트리밍 중지 버튼이 감지되었습니다. 10초 대기합니다.
스트리밍 중지 버튼이 감지되었습니다. 10초 대기합니다.
스트리밍 중지 버튼이 감지되었습니다. 10초 대기합니다.
스트리밍 중지 버튼이 감지되었습니다. 10초 대기합니다.
스트리밍 중지 버튼이 감지되었습니다. 10초 대기합니다.
스트리밍 중지 버튼이 감지되었습니다. 10초 대기합니다.
스트리밍 중지 버튼이 감지되었습니다. 10초 대기합니다.
스트리밍 중지 버튼이 감지되었습니다. 10초 대기합니다.
스트리밍 중지 버튼이 감지되었습니다. 10초 대기합니다.
스트리밍 중지 버튼이 감지되었습니다. 10초 대기합니다.
스트리밍 중지 버튼이 감지되었습니다. 10초 대기합니다.
스트리밍 중지 버튼이 감지되었습니다. 10초 대기합니다.
스트리밍 중지 버튼이 감지되었습니다. 10초 대기합니다.
스트리밍 중지 버튼이 감지되었습니다. 10초 대기합니다.
스트리밍 중지 버튼이 감지되었습니다. 10초 대기합니다.
스트리밍 중지 버튼이 감지되었습니다. 10초 대기합니다.
스트리밍 중지 버튼이 감지되었습니다. 10초 대기합니다.
스트리밍 중지 버튼이 감지되었습니다. 10초 대기합니다.
스트리밍 중지 버튼이 감지되었습니다. 10초 대기합니다.
스트리밍 중지 버튼이 감지되었습니다. 10초 대기합니다.
스트리밍 중지 버튼이 감지되었습니다. 10초 대기합니다.
스트리밍 중지 버튼이 감지되었습니다. 10초 대기합니다.
스트리밍 중지 버튼이 감지되었습니다. 10초 대기합니다.
스트리밍 중지 버튼이 감지되었습니다. 10초 대기합니다.
스트리밍 중지 버튼이 감지되었습니다. 10초 대기합니다.
스트리밍 중지 버튼이 감지되었습니다. 10초 대기합니다.
스트리밍 중지 버튼이 감지되었습니다. 10초 대기합니다.
스트리밍 중지 버튼이 감지되었습니다. 10초 대기합니다.
스트리밍 중지 버튼이 감지되었습니다. 10초 대기합니다.
matches2: 인천 오락실 아지트 놀거리
text2: 인천은 다양한 매력을 가진 도시로, 언제나 새로운 곳과 활동들이 많습니다. 특히, 오락실을 즐길 수 있는 공간이 많아, 이곳에서 시간을 보내는 이들이 많습니다. 하지만 '오락실' 하면 단순한 게임만 떠오르나요? 사실 인천의 오락실은 그 자체로 하나의 문화와 재미있는 놀이터입니다. 그곳에서 즐길 수 있는 놀거리와 아지트로서의 매력은 생각보다 풍부하답니다.
오늘은 인천 오락실의 다양한 놀거리와 아지트로서의 매력을 깊이 있게 알아보겠습니다. 오락실에서 어떤 활동들이 가능한지, 그 곳만의 특별한 분위기와 장점까지 상세히 소개할 테니 끝까지 확인해 보세요. 오늘 함께 할 내용은 바로 "인천 오락실 아지트 놀거리"입니다.
<h2 style='font-size:26px;' align='left'>인천 오락실, 그 아지트의 매력</h2>
인천 오락실은 단순히 게임을 즐기는 공간 이상의 가치를 지니고 있습니다. 오락실을 찾는 많은 이들은 그곳에서 스트레스를 해소하고, 사회적 교류를 즐기기도 합니다. 이곳은 종종 친구들끼리의 만남 장소가 되어, 다양한 게임을 통해 시간을 보내며 자연스럽게 친밀감을 쌓을 수 있는 아지트가 됩니다. 오락실은 과거의 전통적인 오락 게임에서부터 최신 VR, AR 게임, 그리고 다양한 캐주얼 게임들이 결합된 현대적인 놀이터로 변모했습니다.
<b>인천 오락실의 매력 포인트:</b>
다양한 게임: 아케이드 게임, VR 게임, 슈팅 게임, 아케이드 레이싱 게임 등
사회적 교류: 친구들과의 만남이나 랜덤 플레이어와의 교류
중독성 있는 게임 시스템: 계속해서 도전하게 만드는 보상 시스템
특히, 인천에 있는 오락실들은 각기 다른 매력을 지니고 있어, 방문할 때마다 새로운 경험을 제공해 줍니다. 단순히 게임만 즐기고 떠나는 것이 아니라, 그 공간에서 나만의 아지트를 찾는 즐거움이 있는 곳입니다.
<h2 style='font-size:26px;' align='left'>인천 오락실에서의 인기 게임</h2>
오락실을 찾는 사람들에게 인기 있는 게임은 무엇일까요? 각 오락실마다 조금씩 다를 수 있지만, 공통적으로 인기를 끄는 게임들이 존재합니다. 아케이드 게임부터 최신 VR 게임까지, 인천의 오락실에서는 정말 다양한 게임들이 제공됩니다. 그 중에서도 많은 사람들이 즐기는 게임들을 소개해 보겠습니다.
<ul> <li>아케이드 레이싱 게임</li> <li>오락실 슈팅 게임</li> <li>VR 게임</li> <li>락 밴드 게임</li> <li>클래식 아케이드 게임 (예: 팩맨, 둠 등)</li> </ul>
이 게임들은 대개 친구들과 함께 플레이하기 좋고, 함께 도전하며 경쟁하는 재미를 제공합니다. 특히, 아케이드 레이싱 게임과 슈팅 게임은 오락실의 핵심적인 재미 요소로 자리잡고 있으며, 게임 내의 점수나 랭킹 시스템이 사람들을 끊임없이 도전하게 만듭니다.
<h2 style='font-size:26px;' align='left'>VR 게임과 새로운 오락실 문화</h2>
최근 인천의 오락실에서 주목받고 있는 것은 바로 VR(가상 현실) 게임입니다. VR 게임은 기존의 2D 화면을 넘어서 3D 환경에서 직접적인 몰입감을 제공하여, 게임을 하는 사람들이 마치 실제 그 게임의 세계에 들어간 듯한 경험을 제공합니다. 인천의 일부 오락실에서는 최신 VR 기기를 이용한 게임들이 제공되며, 이 새로운 경험은 많은 이들의 관심을 끌고 있습니다.
VR 게임의 특징은 무엇일까요? <b>VR 게임의 특징:</b>
몰입감: 게임 안에서의 현실감을 느낄 수 있음
협동 플레이: 여러 명이 함께 협력하여 미션을 해결하는 재미
다양한 게임 종류: 액션, 퍼즐, 어드벤처 등 다양한 장르
이 VR 게임들은 단순히 즐기는 것을 넘어서, 물리적인 움직임을 요구하기 때문에 몸을 움직이면서 자연스럽게 운동을 하게 되는 효과까지 있답니다. 또한, VR 기기만의 독특한 비주얼과 스토리라인이 게임을 더욱 흥미롭게 만들어 주어 게임에 대한 관심이 더욱 커지고 있습니다.
<h2 style='font-size:26px;' align='left'>인천 오락실 아지트에서의 즐길 거리와 분위기</h2>
인천 오락실의 가장 큰 매력은 그곳에서의 분위기와 놀거리에 있습니다. 단순히 게임을 하는 공간이 아니라, 그 자체로 특별한 경험을 제공하는 아지트입니다. 오락실에 들어서면, 고요한 공간 안에 다양한 소리와 불빛이 어우러져 사람들을 몰입시키며, 다른 사람들과의 경쟁 속에서 자연스럽게 즐거움을 찾을 수 있습니다.
<table border='1' style="text-align:center"> <tr> <th style="background-color: lightblue; text-align:center">즐길 거리</th> <th style="background-color: lightblue; text-align:center">특징</th> </tr> <tr> <td>오락실 게임</td> <td>각종 아케이드 게임, 최신 VR 게임 등 다양한 선택지</td> </tr> <tr> <td>도전과 경쟁</td> <td>점수 기록 및 랭킹 시스템으로 경쟁과 도전 유도</td> </tr> <tr> <td>친구와의 만남</td> <td>친구들과의 협동 및 경쟁 게임을 통한 친밀감 상승</td> </tr> </table>
인천 오락실은 단순히 게임을 즐기는 곳을 넘어, 사람들과의 교류와 경쟁을 통해 색다른 경험을 선사하는 공간으로 자리잡고 있습니다. 이곳에서 즐길 수 있는 다양한 활동들은 오락실을 방문하는 이들에게 깊은 인상을 남기며, 그 자체로 하나의 문화가 되고 있습니다.
check_word_length 0
len(kkq) 2726
제목  인천 오락실 아지트 놀거리
아이디 :  e9t1gz4d
비밀번호 :  dfsdfsdf
[{'domain': '.naver.com', 'expiry': 1777117177, 'httpOnly': True, 'name': 'BUC', 'path': '/', 'sameSite': 'None', 'secure': True, 'value': 'kNXe5rMtZ8h03skFAjhkitxOdqIdR84Zksdj2Kh0jAY='}, {'domain': '.nid.naver.com', 'expiry': 1774093177, 'httpOnly': False, 'name': 'nid_slevel', 'path': '/', 'sameSite': 'Lax', 'secure': False, 'value': '-1'}, {'domain': '.naver.com', 'expiry': 1742557477, 'httpOnly': False, 'name': 'SRT5', 'path': '/', 'sameSite': 'None', 'secure': True, 'value': '1742557158'}, {'domain': '.nid.naver.com', 'expiry': 1777116557, 'httpOnly': False, 'name': 'nid_buk', 'path': '/', 'sameSite': 'Lax', 'secure': True, 'value': 'D7LNW5MLJXOWO'}, {'domain': '.naver.com', 'expiry': 1777117177, 'httpOnly': False, 'name': 'NNB', 'path': '/', 'sameSite': 'None', 'secure': True, 'value': 'D7LNW5MLJXOWO'}, {'domain': '.naver.com', 'expiry': 1742642952, 'httpOnly': False, 'name': 'NACT', 'path': '/', 'sameSite': 'Lax', 'secure': False, 'value': '1'}, {'domain': '.naver.com', 'expiry': 1742558977, 'httpOnly': False, 'name': 'SRT30', 'path': '/', 'sameSite': 'None', 'secure': True, 'value': '1742556555'}, {'domain': '.nid.naver.com', 'expiry': 1759837177, 'httpOnly': True, 'name': 'NID_JST', 'path': '/', 'sameSite': 'Lax', 'secure': True, 'value': '1px0ad7QD0sw5SFBvCcxm3YBSsxijWZe0vpXNxgvBUV01+0S5v4Ayn4GUOiM/6oNAEc/aNjS+HH+9NWXpR42FeZzwCXm8qXjzXByWulMv/5F+4WEY+5D1LYB6s/4Haizq6Ys3axkfiF0XHQjsakWr76sLF93V9tdMaR2D6dws6o='}, {'domain': '.naver.com', 'expiry': 1777116552, 'httpOnly': False, 'name': 'NAC', 'path': '/', 'sameSite': 'None', 'secure': True, 'value': 'jjilBgg9ksug'}]
cookies_dict: [{'domain': '.naver.com', 'expiry': 1777117177, 'httpOnly': True, 'name': 'BUC', 'path': '/', 'sameSite': 'None', 'secure': True, 'value': 'kNXe5rMtZ8h03skFAjhkitxOdqIdR84Zksdj2Kh0jAY='}, {'domain': '.nid.naver.com', 'expiry': 1774093177, 'httpOnly': False, 'name': 'nid_slevel', 'path': '/', 'sameSite': 'Lax', 'secure': False, 'value': '-1'}, {'domain': '.naver.com', 'expiry': 1742557477, 'httpOnly': False, 'name': 'SRT5', 'path': '/', 'sameSite': 'None', 'secure': True, 'value': '1742557158'}, {'domain': '.nid.naver.com', 'expiry': 1777116557, 'httpOnly': False, 'name': 'nid_buk', 'path': '/', 'sameSite': 'Lax', 'secure': True, 'value': 'D7LNW5MLJXOWO'}, {'domain': '.naver.com', 'expiry': 1777117177, 'httpOnly': False, 'name': 'NNB', 'path': '/', 'sameSite': 'None', 'secure': True, 'value': 'D7LNW5MLJXOWO'}, {'domain': '.naver.com', 'expiry': 1742642952, 'httpOnly': False, 'name': 'NACT', 'path': '/', 'sameSite': 'Lax', 'secure': False, 'value': '1'}, {'domain': '.naver.com', 'expiry': 1742558977, 'httpOnly': False, 'name': 'SRT30', 'path': '/', 'sameSite': 'None', 'secure': True, 'value': '1742556555'}, {'domain': '.nid.naver.com', 'expiry': 1759837177, 'httpOnly': True, 'name': 'NID_JST', 'path': '/', 'sameSite': 'Lax', 'secure': True, 'value': '1px0ad7QD0sw5SFBvCcxm3YBSsxijWZe0vpXNxgvBUV01+0S5v4Ayn4GUOiM/6oNAEc/aNjS+HH+9NWXpR42FeZzwCXm8qXjzXByWulMv/5F+4WEY+5D1LYB6s/4Haizq6Ys3axkfiF0XHQjsakWr76sLF93V9tdMaR2D6dws6o='}, {'domain': '.naver.com', 'expiry': 1777116552, 'httpOnly': False, 'name': 'NAC', 'path': '/', 'sameSite': 'None', 'secure': True, 'value': 'jjilBgg9ksug'}]
cookies_dict [{'domain': '.naver.com', 'expiry': 1777117177, 'httpOnly': True, 'name': 'BUC', 'path': '/', 'sameSite': 'None', 'secure': True, 'value': 'kNXe5rMtZ8h03skFAjhkitxOdqIdR84Zksdj2Kh0jAY='}, {'domain': '.nid.naver.com', 'expiry': 1774093177, 'httpOnly': False, 'name': 'nid_slevel', 'path': '/', 'sameSite': 'Lax', 'secure': False, 'value': '-1'}, {'domain': '.naver.com', 'expiry': 1742557477, 'httpOnly': False, 'name': 'SRT5', 'path': '/', 'sameSite': 'None', 'secure': True, 'value': '1742557158'}, {'domain': '.nid.naver.com', 'expiry': 1777116557, 'httpOnly': False, 'name': 'nid_buk', 'path': '/', 'sameSite': 'Lax', 'secure': True, 'value': 'D7LNW5MLJXOWO'}, {'domain': '.naver.com', 'expiry': 1777117177, 'httpOnly': False, 'name': 'NNB', 'path': '/', 'sameSite': 'None', 'secure': True, 'value': 'D7LNW5MLJXOWO'}, {'domain': '.naver.com', 'expiry': 1742642952, 'httpOnly': False, 'name': 'NACT', 'path': '/', 'sameSite': 'Lax', 'secure': False, 'value': '1'}, {'domain': '.naver.com', 'expiry': 1742558977, 'httpOnly': False, 'name': 'SRT30', 'path': '/', 'sameSite': 'None', 'secure': True, 'value': '1742556555'}, {'domain': '.nid.naver.com', 'expiry': 1759837177, 'httpOnly': True, 'name': 'NID_JST', 'path': '/', 'sameSite': 'Lax', 'secure': True, 'value': '1px0ad7QD0sw5SFBvCcxm3YBSsxijWZe0vpXNxgvBUV01+0S5v4Ayn4GUOiM/6oNAEc/aNjS+HH+9NWXpR42FeZzwCXm8qXjzXByWulMv/5F+4WEY+5D1LYB6s/4Haizq6Ys3axkfiF0XHQjsakWr76sLF93V9tdMaR2D6dws6o='}, {'domain': '.naver.com', 'expiry': 1777116552, 'httpOnly': False, 'name': 'NAC', 'path': '/', 'sameSite': 'None', 'secure': True, 'value': 'jjilBgg9ksug'}]

Empty file or Expired Session22
텍스트 :  <!DOCTYPE html>
<html lang="ko">
<head>
    <meta charset="utf-8">
    <meta http-equiv="X-UA-Compatible" content="IE=edge, chrome=1">
    <meta name="viewport" content="width=device-width, initial-scale=1.0, maximum-scale=1.0, user-scalable=no">
    <title>네이버 : 로그인</title>
    <link href="https://nid.naver.com/favicon_1024.png" rel="apple-touch-icon-precomposed" sizes="1024x1024"/>
    <link rel="stylesheet" type="text/css" href="/login/css/v2/mobile/mlogin.default.20241009.css?v=20250226">
    <script type="text/javascript" src="/login/js/srcOnError.js"></script>
</head>
<body class="whole_white">
<div id="wrap" class="wrap" style="display:none;">
    <div class="u_skip"><a href="#container">본문 바로가기</a></div>
    <header id="header" role="banner" class="header">
        <div class="header_inner">
            <button tyle="button" id="back" class="btn_back"><span class="icon_back"><span class="blind">뒤로가기</span></span></button>
        </div>
    </header>
    <div id="container" class="container">

        <!-- content -->
        <div id="content">
            <div class="login_logo_wrap">
                <a href="https://m.naver.com"><h1 class="logo"><span class="blind">네이버</span></h1></a>
            </div>

            <div class="login_wrap">
                <div class="login_inner">
                    <form id="frmNIDLogin" name="frmNIDLogin" target="_top" AUTOCOMPLETE="off"
                          action="https://nid.naver.com/nidlogin.login" method="POST">
                        <input type="hidden" id="localechange" name="localechange" value="">
                        <input type="hidden" name="dynamicKey" id="dynamicKey" value="-wMgWNLEL1BOqc7DOq20_4JenrZQ--el-ESps2KhpEyXRDeeJQyqKcLtA6fRzfkXrXgCof1hmeEqqO5neeCjPEVqV4kzso6iav0OSFf7VG8">
                        <input type="hidden" name="logintp" id="logintp" value="null">
<input type="hidden" name="encpw" id="encpw" value="">
<input type="hidden" name="sessionKey" id="sessionKey" value="">
<input type="hidden" name="show_pk" id="show_pk" value="true">
<input type="hidden" name="wtoken" id="wtoken" value="">
<input type="hidden" name="svctype" id="svctype" value="262144">
<input type="hidden" name="bvsd" id="bvsd" value="">
<input type="hidden" name="locale" id="locale" value="ko_KR">
<input type="hidden" name="chptchakey" id="chptchakey" value="B5z6CkvBzczJBaWC">
<input type="hidden" name="captcha_type" id="captcha_type" value="receipt">
<input type="hidden" name="url" id="url" value="https://m.naver.com/">
<input type="hidden" name="rcaptchakey" id="rcaptchakey" value="g14qKAZcgs9Uak">
<input type="hidden" name="enctp" id="enctp" value="1">
<input type="hidden" name="next_step" id="next_step" value="false">
<input type="hidden" name="fbOff" id="fbOff" value="true">
<input type="hidden" name="smart_LEVEL" id="smart_LEVEL" value="-1">
<input type="hidden" name="encnm" id="encnm" value="">

                        <div class="login_form_wrap">
                            <div class="login_title_wrap">
                                <p class="login_desc" id="title_msg">
                                    아이디(로그인 전화번호, 로그인 전용 아이디), 비밀번호<br> 또는 자동입력 방지 문자를 잘못 입력했습니다.<br> 입력하신 내용을 다시 확인해 주세요.
                                </p>
                            </div>
                            <div class="login_form">
                                <div class="login_box">
                                    <div class="input_item id on" id="input_item_id">
                                        <input type="text" id="id" name="id" accesskey="L" maxlength="41"
                                               autocapitalize="none" value="e9t1gz4d"
                                               title="아이디" class="input_id" aria-label="아이디 또는 전화번호">
                                        <label for="id" class="text_label" id="id_label" aria-hidden="true"></label>
                                        <button type="button" class="btn_delete" id="id_clear" style="display: none;">
	                                        <span class="icon_delete">
	                                            <span class="blind">삭제</span>
	                                        </span>
                                        </button>
                                    </div>
                                    <div class="input_item pw" id="input_item_pw">
                                        <input type="password" id="pw" name="pw" title="비밀번호"
                                               class="input_pw" maxlength="16" aria-label="비밀번호">
                                        <label for="pw" class="text_label" id="pw_label" aria-hidden="true"></label>
                                        <button type="button" class="btn_view hide" id="pw_hide" aria-pressed="false" style="display: none;">
                                            <span class="icon_view">
                                                <span class="blind" id="icon_view">선택 안 됨,비밀번호 표시</span>
                                            </span>
                                        </button>
                                        <button type="button" class="btn_delete" id="pw_clear" style="display: none;">
                                            <span class="icon_delete">
                                                <span class="blind">삭제</span>
                                            </span>
                                        </button>
                                    </div>
                                </div>
                            </div>

                            <div class="captcha_wrap">
                                <div id="rcapt"></div>
                                <div id="rcapt_sound" style="display:none;">
                                    <div class="captcha_audio">
                                        <span class="icon_audio"><span class="blind">음성듣기</span></span>
                                        <p class="audio_text" id="audio_msg">음성으로 안내하고 있습니다.</p>
                                            <a href="https://soundcaptcha.nid.naver.com/downloadSound?key=B5z6CkvBzczJBaWC"
                                               target="_blank" class="link_audio" id="l5f.audiodown">음성 다운로드</a>
                                    </div>
                                    <p class="captcha_desc" id="audio_desc">※ 음성 안내는 시작음 3회 반복 후 재생됩니다.</p>
                                    <p class="audio_message" id="audio_guide">
                                        스피커에서 들리는 내용을<br>
                                        하단 입력영역에 <em class="accent">숫자</em>로 입력해주세요.
                                    </p>
                                    <div class="captcha_row">
                                        <div class="captcha_input" id="sound_line">
                                            <input type="text" id="chptcha" name="chptcha" placeholder="정답을 입력해주세요."
                                               class="input_text">
                                        </div>
                                        <div class="btn_captcha">
                                            <a href="#" id="play_audio" class="btn_refresh" role="button">
                                                <span class="blind" id="play_audio_msg">새로고침</span>
                                            </a>
                                            <a href="#" id="captcha_icon" class="btn_picture" role="button">
                                                <span class="blind" id="changeSound">음성으로 듣기</span>
                                            </a>
                                        </div>
                                    </div>
                                </div>
                                <div class="login_error" id="captcha_error_msg" style="display:none;">
                                    <div class="cell" style="width:100%">
                                        <div class="error_message" id="captcha_error_message">
                                            자동입력 방지문자를 입력해 주세요!
                                        </div>
                                    </div>
                                </div>
                            </div>
                            <div class="login_error" style="display:none;"
                                 id="login_error_msg" >
                                <div class="cell" style="width:100%">
                                    <div class="error_message" id="error_message">
                                            자동입력 방지문자를 입력해 주세요!
                                    </div>
                                </div>
                                <div class="cell">
                                    <a href="https://nca.naver.com/chat/account/view" id="l5f.chatbot"
                                         style="display: none;"
                                        target="_blank" class="chatbot">
                                        <span class="blind">챗봇상담</span>
                                    </a>
                                </div>
                            </div>
                            <script type="text/javascript" charset="utf-8"
                                    src="https://rcaptcha.nid.naver.com/rcapt.js?key=g14qKAZcgs9Uak&svc=nid"></script>
                            <button type="submit" class="btn_check" id="submit_btn">
                                <!-- tg-text=btn-text -->
                                <span class="text" id="login_btn">로그인</span>
                            </button>
                            <div class="login_stay" id="login_stay" style="display:none;">
                                <input id="stay" name="nvlong"
                                       type="checkbox"  value="on" checked  >
                                <label for="stay" class="check_row">
                                    <span class="check_text" id="staylogin">로그인 상태 유지</span>
                                </label>
                            </div>
                            <div class="dividing_safe" id="passkey.divider">
                                    <span class="text" id="safer">지문 · 얼굴 인증을 설정했다면</span>
                                </div>
                            <button type="button" class="btn_check white nlog-click" id="log.passkeylogin">
                                <!-- tg-text=btn-text-passkey-login -->
                                <span class="text" id="passkeyText_btn">패스키 로그인</span>
                                <span class="blind" id="log.passkey.login.blind">패스키로그인 버튼</span>
                            </button>
                        </div>
                    </form>
                    <ul class="find_wrap" id="find_wrap_KR">
                        <li><a target="_blank" id="pwinquiry"
                               href="https://nid.naver.com/user2/api/route?m=routePwInquiry&lang=ko_KR"
                               class="find_text">비밀번호 찾기</a></li>
                        <li><a target="_blank" id="idinquiry"
                               href="https://nid.naver.com/user2/api/route?m=routeIdInquiry&lang=ko_KR"
                               class="find_text">아이디 찾기</a></li>
                        <li><a target="_blank" id="join"
                               href="https://nid.naver.com/user2/V2Join?m=agree&lang=ko_KR&realname=N" class="find_text"><span
                                        id="joinspan" class="accent">회원가입</span></a></li>
                    </ul>
                    <ul class="find_wrap" id="find_wrap">
                        <li>
                            <div class="find_text">Forgot <a target="_blank" id="pwinquiry2"
                                                             href="https://nid.naver.com/user2/api/route?m=routePwInquiry&lang=en_US"
                                                             class="find_link">Password</a> or <a id="idinquiry2"
                                                                                                  target="_blank"
                                                                                                  href="https://nid.naver.com/user2/api/route?m=routeIdInquiry&lang=en_US"
                                                                                                  class="find_link">ID</a>?
                            </div>
                        </li>
                        <li><a target="_blank" id="join2"
                               href="https://nid.naver.com/user2/V2Join?m=agree&lang=en_US&realname=N" class="find_text"><span
                                        id="joinspan" class="accent">Sign up</span></a></li>
                    </ul>
                </div>
            </div>
        </div>
    </div>
    <footer class="footer" role="contentinfo">
        <div class="footer_inner">
            <ul class="footer_list">
                <li><a href="https://nca.naver.com/chat/account/view" id="fot.smartbot" class="footer_item"><span id="footer_smartbot" class="footer_text">스마트봇 상담</span></a></li>
                <li><a href="https://help.naver.com/service/5640/category/bookmark?lang=ko" id="fot.help" class="footer_item"><span id="foooter_help" class="footer_text">고객센터</span></a></li>
            </ul>
            <div class="footer_logo_area">
                <a href="https://www.navercorp.com/" class="footer_item" id="fot.footlogo">
                        <span class="footer_logo">
                            <span class="blind">네이버</span>
                        </span>
                </a>
            </div>
        </div>
    </footer>
</div>
<input type="hidden" id="session_keys" name="session_keys" value="Bh4rdgNghdOexp7e7qqvqx22cYOqw0mn,100020688,dc12f7a48d622a58e3f1f7e94d0b71ac41982d0817dff84d77b38aabdd4b7e15851ccc48d18216c559059b01845fdfe709b8a3789a9d845dfb5348480362ac083efff4c9b312ed04a743580f100432b5293a73e408e6c185a4c0cf8c802d971c65e1c5c209d94b0397e4b64d1cf25982dbcd83fb85c6f8f45566c771f7162673,010001">
<input type="hidden" id="nid_buk" name="nid_buk" value="">
<input type="hidden" id="ncaptchaSplit" name="ncaptchaSplit" value="none">
<input type="hidden" id="failUrl" name="failUrl" value="">
<input type="hidden" id="nclicks_nsc" name="nclicks_nsc" value="Mnid.login_kr">
<input type="hidden" id="id_error_msg" name="id_error_msg" value="<strong>아이디 또는 전화번호</strong>를 입력해 주세요.">
<input type="hidden" id="pw_error_msg" name="pw_error_msg" value="<strong>비밀번호</strong>를 입력해 주세요.">
<input type="hidden" id="changeToSound" name="pw_error_msg" value="음성으로 듣기">
<input type="hidden" id="changeToPicture" name="changeToPicture" value="이미지로 보기">
<script type="text/javascript" src="/passkey/js/passkeyApi.js?v=20250120"></script>
<input type="hidden" id="wtm_ncaptcha_sitekey" name="wtm_ncaptcha_sitekey" value="6e3d93f4f845d053db08d51e2eb36ca3efe03fea21f21ee8d02e60ef10f6b73a15e951eccc1ef4b866ab3ce4">
<script type="text/javascript" src="/login/js/v3/mobile/rcaptcha.js?v=20250225"></script>
<script type="text/javascript" src="/login/js/imgOnError.js"></script>
<script
        type="text/javascript"
        src="https://ncpt.naver.com/static/ncaptcha-api.js?ncaptcha-sitekey=6e3d93f4f845d053db08d51e2eb36ca3efe03fea21f21ee8d02e60ef10f6b73a15e951eccc1ef4b866ab3ce4"
        ncaptcha-onload="initNcaptchaRcaptcha" async defer
></script>
<div id="nv_stat" style="display:none;">14</div>
</body>
</html>

{'result': False}
<requests.sessions.Session object at 0x000001D169B7EDD0> True

Successful creation of new session
hereNew2NID_JST -> aXwLGd0q3Y0sJur/q6MKjcH526rqFQyjPSIYstu81R8tSA8kMTI3EqsDt0c41i9rMalhQan/kMBpWSg4OQY3/qshWbnApiDwL2fnKrM8OTlCONOkdc/th+Ks6Jvk1OD4XAEWdJTnnjb7Ep5MJwsUtvbtJg74QgaT+hFsKKk+FXk=
hereNew2JSESSIONID -> 19197DDB47DAC55461C7F942AB2C837A.jvm1

New Session Cookies Saved:  {'NID_JST': 'aXwLGd0q3Y0sJur/q6MKjcH526rqFQyjPSIYstu81R8tSA8kMTI3EqsDt0c41i9rMalhQan/kMBpWSg4OQY3/qshWbnApiDwL2fnKrM8OTlCONOkdc/th+Ks6Jvk1OD4XAEWdJTnnjb7Ep5MJwsUtvbtJg74QgaT+hFsKKk+FXk=', 'JSESSIONID': '19197DDB47DAC55461C7F942AB2C837A.jvm1'}
Page loaded successfully
블로그------>blogID MyBlog.naver
cookies [{'domain': '.naver.com', 'expiry': 1742558271, 'httpOnly': False, 'name': 'SRT5', 'path': '/', 'sameSite': 'None', 'secure': True, 'value': '1742557971'}, {'domain': '.naver.com', 'expiry': 1777117970, 'httpOnly': True, 'name': 'BUC', 'path': '/', 'sameSite': 'None', 'secure': True, 'value': 'GWlwORi9-YIRPoeeBIRTE0NZo-YGbVTMPk9uB1P21vM='}, {'domain': '.nid.naver.com', 'expiry': 1774093969, 'httpOnly': False, 'name': 'nid_slevel', 'path': '/', 'sameSite': 'Lax', 'secure': False, 'value': '-1'}, {'domain': '.nid.naver.com', 'expiry': 1777116557, 'httpOnly': False, 'name': 'nid_buk', 'path': '/', 'sameSite': 'Lax', 'secure': True, 'value': 'D7LNW5MLJXOWO'}, {'domain': '.naver.com', 'expiry': 1777117970, 'httpOnly': False, 'name': 'NNB', 'path': '/', 'sameSite': 'None', 'secure': True, 'value': 'D7LNW5MLJXOWO'}, {'domain': '.naver.com', 'expiry': 1742642952, 'httpOnly': False, 'name': 'NACT', 'path': '/', 'sameSite': 'Lax', 'secure': False, 'value': '1'}, {'domain': '.naver.com', 'expiry': 1742559771, 'httpOnly': False, 'name': 'SRT30', 'path': '/', 'sameSite': 'None', 'secure': True, 'value': '1742556555'}, {'domain': '.nid.naver.com', 'expiry': 1759837969, 'httpOnly': True, 'name': 'NID_JST', 'path': '/', 'sameSite': 'Lax', 'secure': True, 'value': 'gUuAnUahyLbPoEEF7itsZrZnu/d8Xfb3bPXMMVlWnhpdrCZ0/YKWs8BRvZnibZ/misAYFIUwJM3niZCyKXMKNx453DHsx2FzNaVsoDLtokb8qbXtY7Z/q+BOn/EHynubUFA7AdD4CtS968BXWdRETzuqhgQkvYbs+HHOAMg6mhQ='}, {'domain': '.naver.com', 'expiry': 1777116552, 'httpOnly': False, 'name': 'NAC', 'path': '/', 'sameSite': 'None', 'secure': True, 'value': 'jjilBgg9ksug'}]
SRT5 -> 1742557971
BUC -> GWlwORi9-YIRPoeeBIRTE0NZo-YGbVTMPk9uB1P21vM=
nid_slevel -> -1
nid_buk -> D7LNW5MLJXOWO
NNB -> D7LNW5MLJXOWO
NACT -> 1
SRT30 -> 1742556555
NID_JST -> gUuAnUahyLbPoEEF7itsZrZnu/d8Xfb3bPXMMVlWnhpdrCZ0/YKWs8BRvZnibZ/misAYFIUwJM3niZCyKXMKNx453DHsx2FzNaVsoDLtokb8qbXtY7Z/q+BOn/EHynubUFA7AdD4CtS968BXWdRETzuqhgQkvYbs+HHOAMg6mhQ=
NAC -> jjilBgg9ksug
쿠키 체크
userNaverId e9t1gz4d
cookies [{'domain': '.naver.com', 'expiry': 1777117989, 'httpOnly': True, 'name': 'BUC', 'path': '/', 'sameSite': 'None', 'secure': True, 'value': 'neZwHXwg6Ovk7CcloURuALhl2j_p8yKqlQhyZQZwFDs='}, {'domain': '.nid.naver.com', 'expiry': 1774093989, 'httpOnly': False, 'name': 'nid_slevel', 'path': '/', 'sameSite': 'Lax', 'secure': False, 'value': '-1'}, {'domain': '.naver.com', 'expiry': 1742558289, 'httpOnly': False, 'name': 'SRT5', 'path': '/', 'sameSite': 'None', 'secure': True, 'value': '1742557971'}, {'domain': '.nid.naver.com', 'expiry': 1777116557, 'httpOnly': False, 'name': 'nid_buk', 'path': '/', 'sameSite': 'Lax', 'secure': True, 'value': 'D7LNW5MLJXOWO'}, {'domain': '.naver.com', 'expiry': 1777117989, 'httpOnly': False, 'name': 'NNB', 'path': '/', 'sameSite': 'None', 'secure': True, 'value': 'D7LNW5MLJXOWO'}, {'domain': '.naver.com', 'expiry': 1742642952, 'httpOnly': False, 'name': 'NACT', 'path': '/', 'sameSite': 'Lax', 'secure': False, 'value': '1'}, {'domain': '.naver.com', 'expiry': 1742559789, 'httpOnly': False, 'name': 'SRT30', 'path': '/', 'sameSite': 'None', 'secure': True, 'value': '1742556555'}, {'domain': '.nid.naver.com', 'expiry': 1759837989, 'httpOnly': True, 'name': 'NID_JST', 'path': '/', 'sameSite': 'Lax', 'secure': True, 'value': 'xRpYOGMvlXSYFcfBsRpve4JqnNJfAlF2bNLDFsnFl9s8jFVDXDJFJdW2HdWNMxiYYx+KdOmNaeGQ5l5ExQr6gfhNIF3s98DttVLecBJSD7H8qkG+O8zcJPUTATdmdZzUFioE4Jd2N0sR40xpnUGxoqANHYx7gZ1bHO++DHv6OFE='}, {'domain': '.naver.com', 'expiry': 1777116552, 'httpOnly': False, 'name': 'NAC', 'path': '/', 'sameSite': 'None', 'secure': True, 'value': 'jjilBgg9ksug'}]
BUC -> neZwHXwg6Ovk7CcloURuALhl2j_p8yKqlQhyZQZwFDs=
nid_slevel -> -1
SRT5 -> 1742557971
nid_buk -> D7LNW5MLJXOWO
NNB -> D7LNW5MLJXOWO
NACT -> 1
SRT30 -> 1742556555
NID_JST -> xRpYOGMvlXSYFcfBsRpve4JqnNJfAlF2bNLDFsnFl9s8jFVDXDJFJdW2HdWNMxiYYx+KdOmNaeGQ5l5ExQr6gfhNIF3s98DttVLecBJSD7H8qkG+O8zcJPUTATdmdZzUFioE4Jd2N0sR40xpnUGxoqANHYx7gZ1bHO++DHv6OFE=
NAC -> jjilBgg9ksug
handles :  ['0BFECC7BDA59B96A0DFDF6BDEF1FD83B']
스탑
['C:\\Users\\leo9\\Documents\\image\\titled_image.png']


<!DOCTYPE html>
<html lang="ko">
<head>
	<meta http-equiv="Pragma" content="No-Cache">
	<meta http-equiv="Expires" content="0">
	<meta http-equiv="Cache-Control" content="no-cache">
	<meta charset="UTF-8">
	<meta name="viewport" content="width=device-width, initial-scale=1.0">
	<meta http-equiv="X-UA-Compatible" content="ie=edge">
	<title>블로그 :: 네이버</title>
	<style>
		@font-face {
			font-family: 'NanumGothic';
			font-style: normal;
			font-weight: 400;
			src: url(https://ssl.pstatic.net/static/blog/font/NanumGothic-Regular.eot);
			src: local("Nanum Gothic Regular"),local("NanumGothicR"),url(https://ssl.pstatic.net/static/blog/font/NanumGothic-Regular.eot?#iefix) format("embedded-opentype"),url(https://ssl.pstatic.net/static/blog/font/NanumGothic-Regular.woff2) format("woff2"),url(https://ssl.pstatic.net/static/blog/font/NanumGothic-Regular.woff) format("woff"),url(https://ssl.pstatic.net/static/blog/font/NanumGothic-Regular.ttf) format("truetype")
		}

		@font-face {
			font-family: 'NanumGothic';
			font-style: normal;
			font-weight: 700;
			src: url(https://ssl.pstatic.net/static/blog/font/NanumGothic-Bold.eot);
			src: local("Nanum Gothic Bold"),local("NanumGothicB"),url(https://ssl.pstatic.net/static/blog/font/NanumGothic-Bold.eot?#iefix) format("embedded-opentype"),url(https://ssl.pstatic.net/static/blog/font/NanumGothic-Bold.woff2) format("woff2"),url(https://ssl.pstatic.net/static/blog/font/NanumGothic-Bold.woff) format("woff"),url(https://ssl.pstatic.net/static/blog/font/NanumGothic-Bold.ttf) format("truetype")
		}
		html { height: 100%; }
		body { overflow: hidden; margin: 0; display: table; width: 100%; height: 100%; }
		.error_wrap { display: table-cell; font-family: NanumGothic, sans-serif; text-align: center; vertical-align: middle; }
		.error_svg { line-height: 0; }
		.error_h1 { margin: 28px 0 0; font-size: 24px; line-height: 32px; font-weight: 700; color: #000; }
		.error_p { margin: 8px 0 0; font-size: 15px; line-height: 21px; color: #000; }
		.area_btn{margin-top:44px;font-size:0;line-height:0;}
		.area_btn .link{display:inline-block;width:280px;height:48px;border-radius:6px;background-color:#323232;font-size:15px;line-height:48px;color:#fff;font-weight:700;text-align:center;text-decoration:none}
	</style>
</head>
<body>
<div class="error_wrap">
	<div class="error_svg">
		<svg xmlns="http://www.w3.org/2000/svg" width="52" height="52" viewBox="0 0 52 52">
			<g fill="none" fill-rule="evenodd" stroke-linecap="round" stroke-linejoin="round">
				<g stroke="#03C75A">
					<g transform="translate(-486 -223) translate(372 223) translate(114) translate(3 3) translate(.25 .25)">
						<path stroke-width="2.5" d="M22.75 9.208L22.75 27.865M22.75 33.763L22.75 36.292"/>
						<circle cx="22.75" cy="22.75" r="22.75" stroke-width="2"/>
					</g>
				</g>
			</g>
		</svg>

	</div>
	<h1 class="error_h1">죄송합니다. 유효하지 않은 요청입니다.</h1>
	<p class="error_p">접근하고자하는 블로그 아이디가 없습니다.  접근하고자하는 블로그 아이디를 입력해주시기 바랍니다.</p>
	<div class="area_btn">
		<a href="javascript:history.back(-1)" class="link">이전 화면으로</a>
	</div>
</div>
</body>
</html>
----------------------------import --------
에러메세지
Expecting value: line 3 column 1 (char 2)
Traceback (most recent call last):
  File "E:\SynologyDrive\10 네이버 자동포스팅\버전업\내꺼(version2)_아이디 여러개_version2_제목 다시\NewFinal_bard_naver\Premium_naver_V2.106T2.py", line 12235, in resevation_excel
    TSTORYPOST_reservation_excel(ID[excel_counter],PW[excel_counter],CATEGORY[excel_counter],IMAGE_PATH_PATH[excel_counter],MAPLINK_LINK[excel_counter],PASTLINK_LINK1[excel_counter],PASTLINK_LINK2[excel_counter],PASTLINK_LINK3[excel_counter],FIX_TWO_PATH_PATH[excel_counter],HOMEPAGE_PATH_PATH[excel_counter],TELEPHONE_PATH_PATH[excel_counter])
  File "E:\SynologyDrive\10 네이버 자동포스팅\버전업\내꺼(version2)_아이디 여러개_version2_제목 다시\NewFinal_bard_naver\Premium_naver_V2.106T2.py", line 14960, in TSTORYPOST_reservation_excel
    mustSend,ba_user_key=before_please(NNB,NAC,NID_AUT,NID_SES,NID_JKL,BUC,nid_inf ,blogID,userNaverId)
  File "E:\SynologyDrive\10 네이버 자동포스팅\버전업\내꺼(version2)_아이디 여러개_version2_제목 다시\NewFinal_bard_naver\Premium_naver_V2.106T2.py", line 1010, in before_please
    parsed_data = json.loads(response.text)
  File "C:\Users\leo9\AppData\Local\Programs\Python\Python310\lib\json\__init__.py", line 346, in loads
    return _default_decoder.decode(s)
  File "C:\Users\leo9\AppData\Local\Programs\Python\Python310\lib\json\decoder.py", line 337, in decode
    obj, end = self.raw_decode(s, idx=_w(s, 0).end())
  File "C:\Users\leo9\AppData\Local\Programs\Python\Python310\lib\json\decoder.py", line 355, in raw_decode
    raise JSONDecodeError("Expecting value", s, err.value) from None
json.decoder.JSONDecodeError: Expecting value: line 3 column 1 (char 2)
----------------------------import --------
에러메세지
1
Traceback (most recent call last):
  File "C:\Users\leo9\AppData\Local\Programs\Python\Python310\lib\site-packages\pandas\core\indexes\base.py", line 3803, in get_loc
    return self._engine.get_loc(casted_key)
  File "pandas\_libs\index.pyx", line 138, in pandas._libs.index.IndexEngine.get_loc
  File "pandas\_libs\index.pyx", line 165, in pandas._libs.index.IndexEngine.get_loc
  File "pandas\_libs\hashtable_class_helper.pxi", line 2263, in pandas._libs.hashtable.Int64HashTable.get_item
  File "pandas\_libs\hashtable_class_helper.pxi", line 2273, in pandas._libs.hashtable.Int64HashTable.get_item
KeyError: 1

The above exception was the direct cause of the following exception:

Traceback (most recent call last):
  File "E:\SynologyDrive\10 네이버 자동포스팅\버전업\내꺼(version2)_아이디 여러개_version2_제목 다시\NewFinal_bard_naver\Premium_naver_V2.106T2.py", line 12083, in resevation_excel
    entmodify_monitor_page2.insert(END,'아이디 : %s ! \n' %ID[excel_counter])
  File "C:\Users\leo9\AppData\Local\Programs\Python\Python310\lib\site-packages\pandas\core\series.py", line 981, in __getitem__
    return self._get_value(key)
  File "C:\Users\leo9\AppData\Local\Programs\Python\Python310\lib\site-packages\pandas\core\series.py", line 1089, in _get_value
    loc = self.index.get_loc(label)
  File "C:\Users\leo9\AppData\Local\Programs\Python\Python310\lib\site-packages\pandas\core\indexes\base.py", line 3805, in get_loc
    raise KeyError(key) from err
KeyError: 1
Exception in thread Thread-7 (resevation_excel):
Traceback (most recent call last):
  File "C:\Users\leo9\AppData\Local\Programs\Python\Python310\lib\site-packages\pandas\core\indexes\base.py", line 3803, in get_loc
    return self._engine.get_loc(casted_key)
  File "pandas\_libs\index.pyx", line 138, in pandas._libs.index.IndexEngine.get_loc
  File "pandas\_libs\index.pyx", line 165, in pandas._libs.index.IndexEngine.get_loc
  File "pandas\_libs\hashtable_class_helper.pxi", line 2263, in pandas._libs.hashtable.Int64HashTable.get_item
  File "pandas\_libs\hashtable_class_helper.pxi", line 2273, in pandas._libs.hashtable.Int64HashTable.get_item
KeyError: 1

The above exception was the direct cause of the following exception:

Traceback (most recent call last):
  File "E:\SynologyDrive\10 네이버 자동포스팅\버전업\내꺼(version2)_아이디 여러개_version2_제목 다시\NewFinal_bard_naver\Premium_naver_V2.106T2.py", line 12083, in resevation_excel
    entmodify_monitor_page2.insert(END,'아이디 : %s ! \n' %ID[excel_counter])
  File "C:\Users\leo9\AppData\Local\Programs\Python\Python310\lib\site-packages\pandas\core\series.py", line 981, in __getitem__
    return self._get_value(key)
  File "C:\Users\leo9\AppData\Local\Programs\Python\Python310\lib\site-packages\pandas\core\series.py", line 1089, in _get_value
    loc = self.index.get_loc(label)
  File "C:\Users\leo9\AppData\Local\Programs\Python\Python310\lib\site-packages\pandas\core\indexes\base.py", line 3805, in get_loc
    raise KeyError(key) from err
KeyError: 1

During handling of the above exception, another exception occurred:

Traceback (most recent call last):
  File "C:\Users\leo9\AppData\Local\Programs\Python\Python310\lib\site-packages\pandas\core\indexes\base.py", line 3803, in get_loc
    return self._engine.get_loc(casted_key)
  File "pandas\_libs\index.pyx", line 138, in pandas._libs.index.IndexEngine.get_loc
  File "pandas\_libs\index.pyx", line 165, in pandas._libs.index.IndexEngine.get_loc
  File "pandas\_libs\hashtable_class_helper.pxi", line 2263, in pandas._libs.hashtable.Int64HashTable.get_item
  File "pandas\_libs\hashtable_class_helper.pxi", line 2273, in pandas._libs.hashtable.Int64HashTable.get_item
KeyError: 1

The above exception was the direct cause of the following exception:

Traceback (most recent call last):
  File "C:\Users\leo9\AppData\Local\Programs\Python\Python310\lib\threading.py", line 1016, in _bootstrap_inner
    self.run()
  File "C:\Users\leo9\AppData\Local\Programs\Python\Python310\lib\threading.py", line 953, in run
    self._target(*self._args, **self._kwargs)
  File "E:\SynologyDrive\10 네이버 자동포스팅\버전업\내꺼(version2)_아이디 여러개_version2_제목 다시\NewFinal_bard_naver\Premium_naver_V2.106T2.py", line 12349, in resevation_excel
    add_data_to_table(tree, [ID[excel_counter], "X"]) 
  File "C:\Users\leo9\AppData\Local\Programs\Python\Python310\lib\site-packages\pandas\core\series.py", line 981, in __getitem__
    return self._get_value(key)
  File "C:\Users\leo9\AppData\Local\Programs\Python\Python310\lib\site-packages\pandas\core\series.py", line 1089, in _get_value
    loc = self.index.get_loc(label)
  File "C:\Users\leo9\AppData\Local\Programs\Python\Python310\lib\site-packages\pandas\core\indexes\base.py", line 3805, in get_loc
    raise KeyError(key) from err
KeyError: 1
시작
File saved to: E:\SynologyDrive\10 네이버 자동포스팅\버전업\내꺼(version2)_아이디 여러개_version2_제목 다시\NewFinal_bard_naver\logfile.txt
시작
File saved to: E:\SynologyDrive\10 네이버 자동포스팅\버전업\내꺼(version2)_아이디 여러개_version2_제목 다시\NewFinal_bard_naver\logfile.txt