chatGPT1
맨아래
Downloading https://raw.githubusercontent.com/hihiood/publicTTF/main/Mychromecheck.cp310-win_amd64.pyd...
Saved .pyd file to C:\Users\leo9\AppData\Local\Temp\28a46b1f287647e8998b19889b0eb4f8.pyd
Running main() from the .pyd file...
Captured output: 134
내 크롬 버전 :: 134
Downloading https://raw.githubusercontent.com/hihiood/publicTTF/main/RealchromeVersion.cp310-win_amd64.pyd...
Saved .pyd file to C:\Users\leo9\AppData\Local\Temp\58d6f14de8bb4fd2878392e30de156b4.pyd
Running main() from the .pyd file...
E:\SynologyDrive\10 네이버 자동포스팅\버전업\내꺼(version2)_아이디 여러개_version2_제목 다시\NewFinal_bard_naver\Premium_naver_V2.106T2.py:5713: DeprecationWarning: The 'text' argument to find()-type methods is deprecated. Use 'string' instead.
  module.main()
Captured output: 134
최신 크롬 버전 :: 134
Downloading https://raw.githubusercontent.com/hihiood/publicTTF/main/driverVersion.cp310-win_amd64.pyd...
Saved .pyd file to C:\Users\leo9\AppData\Local\Temp\1886f49c2715487b9485bc113f74dab2.pyd
Running main() from the .pyd file...
Captured output: 134
내 드라이버 버전 :: 134
=========================================
내 크롬 버전 :: 134
최신 크롬 버전 :: 134
내 드라이버 버전 :: 134
DB access----success!!
{insertreplycomment.get()} chatGPT1
Downloading https://raw.githubusercontent.com/hihiood/publicTTF/main/Mychromecheck.cp310-win_amd64.pyd...
Saved .pyd file to C:\Users\leo9\AppData\Local\Temp\515051df0dfe4ee4acaaf2c7c10aca51.pyd
Running main() from the .pyd file...
Captured output: 134
내 크롬 버전 :: 134
Downloading https://raw.githubusercontent.com/hihiood/publicTTF/main/RealchromeVersion.cp310-win_amd64.pyd...
Saved .pyd file to C:\Users\leo9\AppData\Local\Temp\b0bd7bca4a234fa6a603f00f49991e77.pyd
Running main() from the .pyd file...
Captured output: 134
최신 크롬 버전 :: 134
Downloading https://raw.githubusercontent.com/hihiood/publicTTF/main/driverVersion.cp310-win_amd64.pyd...
Saved .pyd file to C:\Users\leo9\AppData\Local\Temp\9ec5c92f18494746af722c0ff4001300.pyd
Running main() from the .pyd file...
Captured output: 134
내 드라이버 버전 :: 134
=========================================
내 크롬 버전 :: 134
최신 크롬 버전 :: 134
내 드라이버 버전 :: 134
인천 오락실 아지트 놀거리
title 인천 오락실 아지트 놀거리
인천 오락실 아지트 놀거리
title 인천 오락실 아지트 놀거리
인천 오락실 아지트 놀거리
title 인천 오락실 아지트 놀거리
인천 오락실 아지트 놀거리
title 인천 오락실 아지트 놀거리
인천 오락실 아지트 놀거리
title 인천 오락실 아지트 놀거리
인천 오락실 아지트 놀거리
title 인천 오락실 아지트 놀거리
인천 오락실 아지트 놀거리
title 인천 오락실 아지트 놀거리
인천 오락실 아지트 놀거리
title 인천 오락실 아지트 놀거리
Kotlin과 Java 비교: 안드로이드 개발 최적 언어는?
title Kotlin과 Java 비교: 안드로이드 개발 최적 언어는?
R 프로그래밍 기초부터 데이터 분석까지
title R 프로그래밍 기초부터 데이터 분석까지
프로그래밍 입문자를 위한 필수 개념 정리
title 프로그래밍 입문자를 위한 필수 개념 정리
코딩 초보자를 위한 쉬운 Python 강좌
title 코딩 초보자를 위한 쉬운 Python 강좌
C언어 기초 문법 한 번에 정리하기
title C언어 기초 문법 한 번에 정리하기
JavaScript 기초부터 실전까지, 왕초보 가이드
title JavaScript 기초부터 실전까지, 왕초보 가이드
HTML & CSS 기초: 웹페이지 만들기의 첫걸음
title HTML & CSS 기초: 웹페이지 만들기의 첫걸음
파이썬과 함께하는 첫 번째 프로젝트 만들기
title 파이썬과 함께하는 첫 번째 프로젝트 만들기
컴퓨터 언어란? 프로그래밍 언어 종류와 특징
title 컴퓨터 언어란? 프로그래밍 언어 종류와 특징
초보자를 위한 Git & GitHub 사용법
title 초보자를 위한 Git & GitHub 사용법
코딩 테스트를 위한 필수 알고리즘 10선
title 코딩 테스트를 위한 필수 알고리즘 10선
프로그래밍을 배우기 전에 알아야 할 개념들
title 프로그래밍을 배우기 전에 알아야 할 개념들
알고리즘이란? 개념부터 예제까지 쉽게 설명
title 알고리즘이란? 개념부터 예제까지 쉽게 설명
자료구조의 중요성: 배열, 리스트, 스택, 큐 개념 정리
title 자료구조의 중요성: 배열, 리스트, 스택, 큐 개념 정리
정렬 알고리즘 비교: 버블, 퀵, 병합 정렬 차이점
title 정렬 알고리즘 비교: 버블, 퀵, 병합 정렬 차이점
이진 탐색(Binary Search) 개념과 예제
title 이진 탐색(Binary Search) 개념과 예제
그래프 알고리즘 기초: BFS와 DFS 차이점
title 그래프 알고리즘 기초: BFS와 DFS 차이점
다이나믹 프로그래밍(DP) 쉽게 이해하기
title 다이나믹 프로그래밍(DP) 쉽게 이해하기
트리(Tree) 자료구조와 이진 트리 탐색법
title 트리(Tree) 자료구조와 이진 트리 탐색법
해시(Hash) 자료구조와 활용법
title 해시(Hash) 자료구조와 활용법
백준 & 프로그래머스 알고리즘 문제 추천 리스트
title 백준 & 프로그래머스 알고리즘 문제 추천 리스트
인천 오락실 아지트 놀거리
title 인천 오락실 아지트 놀거리
전체 키워드 개수 :
엑셀 개수 6
DB access----success!!
Exception in thread Thread-7 (resevation_excel):
Traceback (most recent call last):
  File "C:\Users\leo9\AppData\Local\Programs\Python\Python310\lib\site-packages\pandas\core\indexes\base.py", line 3803, in get_loc
    return self._engine.get_loc(casted_key)
  File "pandas\_libs\index.pyx", line 138, in pandas._libs.index.IndexEngine.get_loc
  File "pandas\_libs\index.pyx", line 165, in pandas._libs.index.IndexEngine.get_loc
  File "pandas\_libs\hashtable_class_helper.pxi", line 2263, in pandas._libs.hashtable.Int64HashTable.get_item
  File "pandas\_libs\hashtable_class_helper.pxi", line 2273, in pandas._libs.hashtable.Int64HashTable.get_item
KeyError: 0

The above exception was the direct cause of the following exception:

Traceback (most recent call last):
  File "E:\SynologyDrive\10 네이버 자동포스팅\버전업\내꺼(version2)_아이디 여러개_version2_제목 다시\NewFinal_bard_naver\Premium_naver_V2.106T2.py", line 12083, in resevation_excel
    entmodify_monitor_page2.insert(END,'아이디 : %s ! \n' %ID[excel_counter])
  File "C:\Users\leo9\AppData\Local\Programs\Python\Python310\lib\site-packages\pandas\core\series.py", line 981, in __getitem__
    return self._get_value(key)
  File "C:\Users\leo9\AppData\Local\Programs\Python\Python310\lib\site-packages\pandas\core\series.py", line 1089, in _get_value
    loc = self.index.get_loc(label)
  File "C:\Users\leo9\AppData\Local\Programs\Python\Python310\lib\site-packages\pandas\core\indexes\base.py", line 3805, in get_loc
    raise KeyError(key) from err
KeyError: 0

During handling of the above exception, another exception occurred:

Traceback (most recent call last):
  File "C:\Users\leo9\AppData\Local\Programs\Python\Python310\lib\site-packages\pandas\core\indexes\base.py", line 3803, in get_loc
    return self._engine.get_loc(casted_key)
  File "pandas\_libs\index.pyx", line 138, in pandas._libs.index.IndexEngine.get_loc
  File "pandas\_libs\index.pyx", line 165, in pandas._libs.index.IndexEngine.get_loc
  File "pandas\_libs\hashtable_class_helper.pxi", line 2263, in pandas._libs.hashtable.Int64HashTable.get_item
  File "pandas\_libs\hashtable_class_helper.pxi", line 2273, in pandas._libs.hashtable.Int64HashTable.get_item
KeyError: 0

The above exception was the direct cause of the following exception:

Traceback (most recent call last):
  File "C:\Users\leo9\AppData\Local\Programs\Python\Python310\lib\threading.py", line 1016, in _bootstrap_inner
    self.run()
  File "C:\Users\leo9\AppData\Local\Programs\Python\Python310\lib\threading.py", line 953, in run
    self._target(*self._args, **self._kwargs)
  File "E:\SynologyDrive\10 네이버 자동포스팅\버전업\내꺼(version2)_아이디 여러개_version2_제목 다시\NewFinal_bard_naver\Premium_naver_V2.106T2.py", line 12345, in resevation_excel
    add_data_to_table(tree, [ID[excel_counter], "X"]) 
  File "C:\Users\leo9\AppData\Local\Programs\Python\Python310\lib\site-packages\pandas\core\series.py", line 981, in __getitem__
    return self._get_value(key)
  File "C:\Users\leo9\AppData\Local\Programs\Python\Python310\lib\site-packages\pandas\core\series.py", line 1089, in _get_value
    loc = self.index.get_loc(label)
  File "C:\Users\leo9\AppData\Local\Programs\Python\Python310\lib\site-packages\pandas\core\indexes\base.py", line 3805, in get_loc
    raise KeyError(key) from err
KeyError: 0
시작
File saved to: E:\SynologyDrive\10 네이버 자동포스팅\버전업\내꺼(version2)_아이디 여러개_version2_제목 다시\NewFinal_bard_naver\logfile.txt