chatGPT1
Downloading https://raw.githubusercontent.com/hihiood/publicTTF/main/Mychromecheck.cp310-win_amd64.pyd...
Saved .pyd file to C:\Users\leo9\AppData\Local\Temp\bfec7fa7278b4c209e6b6916f5133d83.pyd
Running main() from the .pyd file...
Captured output: 134
내 크롬 버전 :: 134
Downloading https://raw.githubusercontent.com/hihiood/publicTTF/main/RealchromeVersion.cp310-win_amd64.pyd...
Saved .pyd file to C:\Users\leo9\AppData\Local\Temp\45d8ebe8aab1475db3ba3e576925d81a.pyd
Running main() from the .pyd file...
E:\SynologyDrive\10 네이버 자동포스팅\버전업\내꺼(version2)_아이디 여러개_version2_제목 다시\NewFinal_bard_naver\Premium_naver_V2.106T2.py:5713: DeprecationWarning: The 'text' argument to find()-type methods is deprecated. Use 'string' instead.
  module.main()
Captured output: 134
최신 크롬 버전 :: 134
Downloading https://raw.githubusercontent.com/hihiood/publicTTF/main/driverVersion.cp310-win_amd64.pyd...
Saved .pyd file to C:\Users\leo9\AppData\Local\Temp\2e4295b101384bd9b669fd6401ec5d37.pyd
Running main() from the .pyd file...
Captured output: 134
내 드라이버 버전 :: 134
=========================================
내 크롬 버전 :: 134
최신 크롬 버전 :: 134
내 드라이버 버전 :: 134
DB access----success!!
{insertreplycomment.get()} chatGPT1
맨아래
Downloading https://raw.githubusercontent.com/hihiood/publicTTF/main/Mychromecheck.cp310-win_amd64.pyd...
Saved .pyd file to C:\Users\leo9\AppData\Local\Temp\1d015387f1514c65a34314aa605e0028.pyd
Running main() from the .pyd file...
Captured output: 134
내 크롬 버전 :: 134
Downloading https://raw.githubusercontent.com/hihiood/publicTTF/main/RealchromeVersion.cp310-win_amd64.pyd...
Saved .pyd file to C:\Users\leo9\AppData\Local\Temp\740281d8d092460f8ad0d6d238c4201b.pyd
Running main() from the .pyd file...
Captured output: 134
최신 크롬 버전 :: 134
Downloading https://raw.githubusercontent.com/hihiood/publicTTF/main/driverVersion.cp310-win_amd64.pyd...
Saved .pyd file to C:\Users\leo9\AppData\Local\Temp\879f006e54bf427390c124993bb4a35b.pyd
Running main() from the .pyd file...
Captured output: 134
내 드라이버 버전 :: 134
=========================================
내 크롬 버전 :: 134
최신 크롬 버전 :: 134
내 드라이버 버전 :: 134
인천 오락실 아지트 놀거리
title 인천 오락실 아지트 놀거리
인천 오락실 아지트 놀거리
title 인천 오락실 아지트 놀거리
인천 오락실 아지트 놀거리
title 인천 오락실 아지트 놀거리
인천 오락실 아지트 놀거리
title 인천 오락실 아지트 놀거리
인천 오락실 아지트 놀거리
title 인천 오락실 아지트 놀거리
인천 오락실 아지트 놀거리
title 인천 오락실 아지트 놀거리
인천 오락실 아지트 놀거리
title 인천 오락실 아지트 놀거리
인천 오락실 아지트 놀거리
title 인천 오락실 아지트 놀거리
Kotlin과 Java 비교: 안드로이드 개발 최적 언어는?
title Kotlin과 Java 비교: 안드로이드 개발 최적 언어는?
R 프로그래밍 기초부터 데이터 분석까지
title R 프로그래밍 기초부터 데이터 분석까지
프로그래밍 입문자를 위한 필수 개념 정리
title 프로그래밍 입문자를 위한 필수 개념 정리
코딩 초보자를 위한 쉬운 Python 강좌
title 코딩 초보자를 위한 쉬운 Python 강좌
C언어 기초 문법 한 번에 정리하기
title C언어 기초 문법 한 번에 정리하기
JavaScript 기초부터 실전까지, 왕초보 가이드
title JavaScript 기초부터 실전까지, 왕초보 가이드
HTML & CSS 기초: 웹페이지 만들기의 첫걸음
title HTML & CSS 기초: 웹페이지 만들기의 첫걸음
파이썬과 함께하는 첫 번째 프로젝트 만들기
title 파이썬과 함께하는 첫 번째 프로젝트 만들기
컴퓨터 언어란? 프로그래밍 언어 종류와 특징
title 컴퓨터 언어란? 프로그래밍 언어 종류와 특징
초보자를 위한 Git & GitHub 사용법
title 초보자를 위한 Git & GitHub 사용법
코딩 테스트를 위한 필수 알고리즘 10선
title 코딩 테스트를 위한 필수 알고리즘 10선
프로그래밍을 배우기 전에 알아야 할 개념들
title 프로그래밍을 배우기 전에 알아야 할 개념들
알고리즘이란? 개념부터 예제까지 쉽게 설명
title 알고리즘이란? 개념부터 예제까지 쉽게 설명
자료구조의 중요성: 배열, 리스트, 스택, 큐 개념 정리
title 자료구조의 중요성: 배열, 리스트, 스택, 큐 개념 정리
정렬 알고리즘 비교: 버블, 퀵, 병합 정렬 차이점
title 정렬 알고리즘 비교: 버블, 퀵, 병합 정렬 차이점
이진 탐색(Binary Search) 개념과 예제
title 이진 탐색(Binary Search) 개념과 예제
그래프 알고리즘 기초: BFS와 DFS 차이점
title 그래프 알고리즘 기초: BFS와 DFS 차이점
다이나믹 프로그래밍(DP) 쉽게 이해하기
title 다이나믹 프로그래밍(DP) 쉽게 이해하기
트리(Tree) 자료구조와 이진 트리 탐색법
title 트리(Tree) 자료구조와 이진 트리 탐색법
해시(Hash) 자료구조와 활용법
title 해시(Hash) 자료구조와 활용법
백준 & 프로그래머스 알고리즘 문제 추천 리스트
title 백준 & 프로그래머스 알고리즘 문제 추천 리스트
인천 오락실 아지트 놀거리
title 인천 오락실 아지트 놀거리
전체 키워드 개수 :
엑셀 개수 7
DB access----success!!
IPaddress_flask http://192.168.219.103:1144/
************************************************************
************************************************************
************************************************************
************************************************************
************************************************************
************************************************************
************************************************************
************************************************************
----------------------------
----------------------------
----------------------------
번역 전 내용 :  인천 오락실 아지트 놀거리
----------------------------
----------------------------
----------------------------
check_word :  ['4c']
selected_elements_raw ['Incheon game room Ajit Nol Street', '인천 오락실 아지트 놀거리', 'offline', 'f4781aa9f1a33aa9cb1639e79945391d', 'ko']
Incheon game room Ajit Nol Streetoffline
Incheon game room Ajit Nol Streetoffline
None
None
None
None
None
None
None
None
None
None
None
None
None
None
None
None
None
None
None
None
None
None
None
None
None
None
None
None
None
None
None
None
None
None
None
None
None
None
None
None
None
None
None
None
None
None
None
None
None
None
None
None
None
None
None
None
None
None
None
None
None
None
None
None
None
None
None
None
None
None
None
None
None
None
None
None
None
None
None
None
None
None
None
None
None
None
None
None
None
None
None
None
None
None
None
None
None
None
None
None
None
None
None
None
None
None
None
None
None
None
None
None
None
None
None
Gemini에게 물어보기
None
None
None
None
None
None
None
None
None
None
None
None
None
None
None
None
None
None
None
None
None
None
None
None
None
None
None
None
None
None
None
None
None
None
None
None
None
None
None
None
None
None
None
None
None
None
None
None
None
None
None
None
None
None
None
None
None
None
None
None
None
None
None
None
None
None
None
None
None
None
None
None
None
None
None
None
None
None
None
None
None
None
None
None
None
None
None
None
None
None
None
None
None
None
None
None
None
None
None
None
None
None
None
None
None
None
None
None
None
None
None
None
None
None
None
None
None
None
None
None
None
None
None
None
None
None
None
None
None
None
None
None
None
None
None
None
None
None
None
None
None
None
None
None
None
None
None
None
None
None
None
None
None
None
None
Gemini에게 물어보기
None
None
None
None
None
None
None
None
None
None
None
None
None
None
None
None
None
None
None
None
None
None
None
None
None
None
None
None
None
None
None
None
None
None
None
None
None
None
None
None
None
None
None
None
수집된 텍스트: create image[[Incheon game room Ajit Nol Streetoffline]]  please related image please make image png file or jpg file with image generator / i need related making image with image generator
스트리밍 중지 버튼이 감지되었습니다. 10초 대기합니다.
스트리밍 중지 버튼이 감지되었습니다. 10초 대기합니다.
스트리밍 중지 버튼이 감지되었습니다. 10초 대기합니다.
스트리밍 중지 버튼이 감지되었습니다. 10초 대기합니다.
스트리밍 중지 버튼이 감지되었습니다. 10초 대기합니다.
스트리밍 중지 버튼이 감지되었습니다. 10초 대기합니다.
스트리밍 중지 버튼이 감지되었습니다. 10초 대기합니다.
스트리밍 중지 버튼이 감지되었습니다. 10초 대기합니다.
스트리밍 중지 버튼이 감지되었습니다. 10초 대기합니다.
스트리밍 중지 버튼이 감지되었습니다. 10초 대기합니다.
----------------------------
----------------------------
----------------------------
번역 전 내용 :  인천 오락실 아지트 놀거리
----------------------------
----------------------------
----------------------------
check_word :  ['4c']
selected_elements_raw ['Incheon game room Ajit Nol Street', '인천 오락실 아지트 놀거리', 'offline', 'f4781aa9f1a33aa9cb1639e79945391d', 'ko']
Incheon game room Ajit Nol Streetoffline
Incheon game room Ajit Nol Streetoffline
None
None
None
None
None
None
None
None
None
None
None
None
None
None
None
None
None
None
None
None
None
None
None
None
None
None
None
None
None
None
None
None
None
None
None
None
None
None
None
None
None
None
None
None
None
None
None
None
None
None
None
None
None
None
None
None
None
None
None
None
None
None
None
None
None
None
None
None
None
None
None
None
None
None
None
None
None
None
None
None
None
None
None
None
None
None
None
None
None
None
None
None
None
None
None
None
None
None
None
None
None
None
None
None
None
None
None
None
None
None
None
None
None
None
None
Gemini에게 물어보기
None
None
None
None
None
None
None
None
None
None
None
None
None
None
None
None
None
None
None
None
None
None
None
None
None
None
None
None
None
None
None
None
None
None
None
None
None
None
None
None
None
None
None
None
None
None
None
None
None
None
None
None
None
None
None
None
None
None
None
None
None
None
None
None
None
None
None
None
None
None
None
None
None
None
None
None
None
None
None
None
None
None
None
None
None
None
None
None
None
None
None
None
None
None
None
None
None
None
None
None
None
None
None
None
None
None
None
None
None
None
None
None
None
None
None
None
None
None
None
None
None
None
None
None
None
None
None
None
None
None
None
None
None
None
None
None
None
None
None
None
None
None
None
None
None
None
None
None
None
None
None
None
None
None
None
None
None
None
None
None
Gemini에게 물어보기
None
None
None
None
None
None
None
None
None
None
None
None
None
None
None
None
None
None
None
None
None
None
None
None
None
None
None
None
None
None
None
None
None
None
None
None
None
None
None
None
None
None
None
None
None
None
None
None
None
수집된 텍스트: create image[[Incheon game room Ajit Nol Streetoffline]]  please related image please make image png file or jpg file with image generator / i need related making image with image generator
스트리밍 중지 버튼이 감지되었습니다. 10초 대기합니다.
스트리밍 중지 버튼이 감지되었습니다. 10초 대기합니다.
스트리밍 중지 버튼이 감지되었습니다. 10초 대기합니다.
스트리밍 중지 버튼이 감지되었습니다. 10초 대기합니다.
스트리밍 중지 버튼이 감지되었습니다. 10초 대기합니다.
스트리밍 중지 버튼이 감지되었습니다. 10초 대기합니다.
스트리밍 중지 버튼이 감지되었습니다. 10초 대기합니다.
while 벗어남
image_bu 
image_bu 프로필 사진
image_buffer []
----------------------------
----------------------------
----------------------------
번역 전 내용 :  인천 오락실 아지트 놀거리
----------------------------
----------------------------
----------------------------
check_word :  ['4c']
selected_elements_raw ['Incheon game room Ajit Nol Street', '인천 오락실 아지트 놀거리', 'offline', 'f4781aa9f1a33aa9cb1639e79945391d', 'ko']
Incheon game room Ajit Nol Streetoffline
Incheon game room Ajit Nol Streetoffline
None
None
None
None
None
None
None
None
None
None
None
None
None
None
None
None
None
None
None
None
None
None
None
None
None
None
None
None
None
None
None
None
None
None
None
None
None
None
None
None
None
None
None
None
None
None
None
None
None
None
None
None
None
None
None
None
None
None
None
None
None
None
None
None
None
None
None
None
None
None
None
None
None
None
None
None
None
None
None
None
None
None
None
None
None
None
None
None
None
None
None
None
None
None
None
None
None
None
None
None
None
None
None
None
None
None
None
None
None
None
None
None
None
None
None
Gemini에게 물어보기
None
None
None
None
None
None
None
None
None
None
None
None
None
None
None
None
None
None
None
None
None
None
None
None
None
None
None
None
None
None
None
None
None
None
None
None
None
None
None
None
None
None
None
None
None
None
None
None
None
None
None
None
None
None
None
None
None
None
None
None
None
None
None
None
None
None
None
None
None
None
None
None
None
None
None
None
None
None
None
None
None
None
None
None
None
None
None
None
None
None
None
None
None
None
None
None
None
None
None
None
None
None
None
None
None
None
None
None
None
None
None
None
None
None
None
None
None
None
None
None
None
None
None
None
None
None
None
None
None
None
None
None
None
None
None
None
None
None
None
None
None
None
None
None
None
None
None
None
None
None
None
None
None
None
None
None
None
None
None
None
Gemini에게 물어보기
None
None
None
None
None
None
None
None
None
None
None
None
None
None
None
None
None
None
None
None
None
None
None
None
None
None
None
None
None
None
None
None
None
None
None
None
None
None
None
None
None
None
None
None
None
None
None
None
None
수집된 텍스트: create image[[Incheon game room Ajit Nol Streetoffline]]  please related image please make image png file or jpg file with image generator / i need related making image with image generator
스트리밍 중지 버튼이 감지되었습니다. 10초 대기합니다.
스트리밍 중지 버튼이 감지되었습니다. 10초 대기합니다.
스트리밍 중지 버튼이 감지되었습니다. 10초 대기합니다.
스트리밍 중지 버튼이 감지되었습니다. 10초 대기합니다.
스트리밍 중지 버튼이 감지되었습니다. 10초 대기합니다.
스트리밍 중지 버튼이 감지되었습니다. 10초 대기합니다.
스트리밍 중지 버튼이 감지되었습니다. 10초 대기합니다.
스트리밍 중지 버튼이 감지되었습니다. 10초 대기합니다.
while 벗어남
image_bu 
image_bu  이미지
image_bu 프로필 사진
image_buffer ['https://lh3.googleusercontent.com/gg-dl/AA8i_VK4JRCTou8wIqmbY8B9bZb76GoN4RuZnKUwjegWFdF0mA8NJZi_DZ6A77q38A_G-cjvken5VvdjDu3fdZQcMvb8HtBK14_3Q440zTEFmYogZOV4djEE9gD4uqW1i_363VdG01bxHDl0n6pVIgF_EZLd3-BrJXG_B17xael0YSh4QGfLJw']
E:\SynologyDrive\10 네이버 자동포스팅\버전업\내꺼(version2)_아이디 여러개_version2_제목 다시\NewFinal_bard_naver\Premium_naver_V2.106T2.py:14559: DeprecationWarning: LANCZOS is deprecated and will be removed in Pillow 10 (2023-07-01). Use Resampling.LANCZOS instead.
  img = img.resize((512, 512), Image.LANCZOS)
----------------------------
----------------------------
----------------------------
번역 전 내용 :  인천 오락실 아지트 놀거리
----------------------------
----------------------------
----------------------------
check_word :  ['4c']
selected_elements_raw ['Incheon game room Ajit Nol Street', '인천 오락실 아지트 놀거리', 'offline', 'f4781aa9f1a33aa9cb1639e79945391d', 'ko']
Incheon game room Ajit Nol Streetoffline
Incheon game room Ajit Nol Streetoffline
None
None
None
None
None
None
None
None
None
None
None
None
None
None
None
None
None
None
None
None
None
None
None
None
None
None
None
None
None
None
None
None
None
None
None
None
None
None
None
None
None
None
None
None
None
None
None
None
None
None
None
None
None
None
None
None
None
None
None
None
None
None
None
None
None
None
None
None
None
None
None
None
None
None
None
None
None
None
None
None
None
None
None
None
None
None
None
None
None
None
None
None
None
None
None
None
None
None
None
None
None
None
None
None
None
None
None
None
None
None
None
None
None
None
None
Gemini에게 물어보기
None
None
None
None
None
None
None
None
None
None
None
None
None
None
None
None
None
None
None
None
None
None
None
None
None
None
None
None
None
None
None
None
None
None
None
None
None
None
None
None
None
None
None
None
None
None
None
None
None
None
None
None
None
None
None
None
None
None
None
None
None
None
None
None
None
None
None
None
None
None
None
None
None
None
None
None
None
None
None
None
None
None
None
None
None
None
None
None
None
None
None
None
None
None
None
None
None
None
None
None
None
None
None
None
None
None
None
None
None
None
None
None
None
None
None
None
None
None
None
None
None
None
None
None
None
None
None
None
None
None
None
None
None
None
None
None
None
None
None
None
None
None
None
None
None
None
None
None
None
None
None
None
None
None
None
None
None
None
None
Gemini에게 물어보기
None
None
None
None
None
None
None
None
None
None
None
None
None
None
None
None
None
None
None
None
None
None
None
None
None
None
None
None
None
None
None
None
None
None
None
None
None
None
None
None
None
None
None
None
None
None
None
None
수집된 텍스트: create image[[Incheon game room Ajit Nol Streetoffline]]  please related image please make image png file or jpg file with image generator / i need related making image with image generator
스트리밍 중지 버튼이 감지되었습니다. 10초 대기합니다.
스트리밍 중지 버튼이 감지되었습니다. 10초 대기합니다.
스트리밍 중지 버튼이 감지되었습니다. 10초 대기합니다.
스트리밍 중지 버튼이 감지되었습니다. 10초 대기합니다.
스트리밍 중지 버튼이 감지되었습니다. 10초 대기합니다.
스트리밍 중지 버튼이 감지되었습니다. 10초 대기합니다.
스트리밍 중지 버튼이 감지되었습니다. 10초 대기합니다.
스트리밍 중지 버튼이 감지되었습니다. 10초 대기합니다.
while 벗어남
image_bu 
image_bu  이미지
image_bu 프로필 사진
image_buffer ['https://lh3.googleusercontent.com/gg-dl/AA8i_VLsvOZsXh0NB3oR_b2KYU28xjA67Wv8MOYAIdU9D-ys38TaqBlsMjtpeEvtb8zZ_zaX0IN5U-kDadB8DZvKHnsz0P4C5CvWLjMAOnoXH-Or_1QIPUZDHQdnbJRTm93qJGjs4iZmCXtHKjlC38XhsvKNb2bX6NxFvd1-bse1RwRtpnBn_g']
----------------------------
----------------------------
----------------------------
번역 전 내용 :  인천 오락실 아지트 놀거리
----------------------------
----------------------------
----------------------------
check_word :  ['4c']
selected_elements_raw ['Incheon game room Ajit Nol Street', '인천 오락실 아지트 놀거리', 'offline', 'f4781aa9f1a33aa9cb1639e79945391d', 'ko']
Incheon game room Ajit Nol Streetoffline
Incheon game room Ajit Nol Streetoffline
None
None
None
None
None
None
None
None
None
None
None
None
None
None
None
None
None
None
None
None
None
None
None
None
None
None
None
None
None
None
None
None
None
None
None
None
None
None
None
None
None
None
None
None
None
None
None
None
None
None
None
None
None
None
None
None
None
None
None
None
None
None
None
None
None
None
None
None
None
None
None
None
None
None
None
None
None
None
None
None
None
None
None
None
None
None
None
None
None
None
None
None
None
None
None
None
None
None
None
None
None
None
None
None
None
None
None
None
None
None
None
None
None
None
None
Gemini에게 물어보기
None
None
None
None
None
None
None
None
None
None
None
None
None
None
None
None
None
None
None
None
None
None
None
None
None
None
None
None
None
None
None
None
None
None
None
None
None
None
None
None
None
None
None
None
None
None
None
None
None
None
None
None
None
None
None
None
None
None
None
None
None
None
None
None
None
None
None
None
None
None
None
None
None
None
None
None
None
None
None
None
None
None
None
None
None
None
None
None
None
None
None
None
None
None
None
None
None
None
None
None
None
None
None
None
None
None
None
None
None
None
None
None
None
None
None
None
None
None
None
None
None
None
None
None
None
None
None
None
None
None
None
None
None
None
None
None
None
None
None
None
None
None
None
None
None
None
None
None
None
None
None
None
None
None
None
None
None
None
None
Gemini에게 물어보기
None
None
None
None
None
None
None
None
None
None
None
None
None
None
None
None
None
None
None
None
None
None
None
None
None
None
None
None
None
None
None
None
None
None
None
None
None
None
None
None
None
None
None
None
None
None
None
None
수집된 텍스트: create image[[Incheon game room Ajit Nol Streetoffline]]  please related image please make image png file or jpg file with image generator / i need related making image with image generator
스트리밍 중지 버튼이 감지되었습니다. 10초 대기합니다.
스트리밍 중지 버튼이 감지되었습니다. 10초 대기합니다.
스트리밍 중지 버튼이 감지되었습니다. 10초 대기합니다.
스트리밍 중지 버튼이 감지되었습니다. 10초 대기합니다.
스트리밍 중지 버튼이 감지되었습니다. 10초 대기합니다.
스트리밍 중지 버튼이 감지되었습니다. 10초 대기합니다.
스트리밍 중지 버튼이 감지되었습니다. 10초 대기합니다.
while 벗어남
image_bu 
image_bu  이미지
image_bu 프로필 사진
image_buffer ['https://lh3.googleusercontent.com/gg-dl/AA8i_VIJFTZDQ9yZRHKPBVzh_7qG3UCfrKKy-Wo2PX1cRfNHJPDbxolZYj7ilGjiHBwpCGYQEVJqpSke9lk8NrbwHFUZKtJlAuxjgtIXuDvpWZod6WFK6FvoHcl9s6mdvRGBnddn_dyhggGHdgnP3zhmJAZttcxCUbtaJdf83FSazcqmXH2hjA']
----------------------------
----------------------------
----------------------------
번역 전 내용 :  인천 오락실 아지트 놀거리
----------------------------
----------------------------
----------------------------
check_word :  ['4c']
selected_elements_raw ['Incheon game room Ajit Nol Street', '인천 오락실 아지트 놀거리', 'offline', 'f4781aa9f1a33aa9cb1639e79945391d', 'ko']
Incheon game room Ajit Nol Streetoffline
Incheon game room Ajit Nol Streetoffline
None
None
None
None
None
None
None
None
None
None
None
None
None
None
None
None
None
None
None
None
None
None
None
None
None
None
None
None
None
None
None
None
None
None
None
None
None
None
None
None
None
None
None
None
None
None
None
None
None
None
None
None
None
None
None
None
None
None
None
None
None
None
None
None
None
None
None
None
None
None
None
None
None
None
None
None
None
None
None
None
None
None
None
None
None
None
None
None
None
None
None
None
None
None
None
None
None
None
None
None
None
None
None
None
None
None
None
None
None
None
None
None
None
None
None
Gemini에게 물어보기
None
None
None
None
None
None
None
None
None
None
None
None
None
None
None
None
None
None
None
None
None
None
None
None
None
None
None
None
None
None
None
None
None
None
None
None
None
None
None
None
None
None
None
None
None
None
None
None
None
None
None
None
None
None
None
None
None
None
None
None
None
None
None
None
None
None
None
None
None
None
None
None
None
None
None
None
None
None
None
None
None
None
None
None
None
None
None
None
None
None
None
None
None
None
None
None
None
None
None
None
None
None
None
None
None
None
None
None
None
None
None
None
None
None
None
None
None
None
None
None
None
None
None
None
None
None
None
None
None
None
None
None
None
None
None
None
None
None
None
None
None
None
None
None
None
None
None
None
None
None
None
None
None
None
None
None
None
None
None
None
Gemini에게 물어보기
None
None
None
None
None
None
None
None
None
None
None
None
None
None
None
None
None
None
None
None
None
None
None
None
None
None
None
None
None
None
None
None
None
None
None
None
None
None
None
None
None
None
None
None
None
None
None
None
None
수집된 텍스트: create image[[Incheon game room Ajit Nol Streetoffline]]  please related image please make image png file or jpg file with image generator / i need related making image with image generator
스트리밍 중지 버튼이 감지되었습니다. 10초 대기합니다.
스트리밍 중지 버튼이 감지되었습니다. 10초 대기합니다.
스트리밍 중지 버튼이 감지되었습니다. 10초 대기합니다.
스트리밍 중지 버튼이 감지되었습니다. 10초 대기합니다.
스트리밍 중지 버튼이 감지되었습니다. 10초 대기합니다.
스트리밍 중지 버튼이 감지되었습니다. 10초 대기합니다.
스트리밍 중지 버튼이 감지되었습니다. 10초 대기합니다.
while 벗어남
image_bu 
image_bu  이미지
image_bu 프로필 사진
image_buffer ['https://lh3.googleusercontent.com/gg-dl/AA8i_VKsQLDV2mQVoGXM8nvVLZmFY1LQgKzIM2ZNaOsq_75zJ4bB2uegmNl13XSb9jDtrsgwuAVnKOv7zHKYWBgRVfeF0Sf0paCULrymdR6DmvmXmhmz6c0kfa_j8KJjcAMy8irb2PbgGI6zSpsjW3RcWHdAsNu3ZKqXOxyYEz7DQV5EZ-zDNg']
----------------------------
----------------------------
----------------------------
번역 전 내용 :  인천 오락실 아지트 놀거리
----------------------------
----------------------------
----------------------------
check_word :  ['4c']
selected_elements_raw ['Incheon game room Ajit Nol Street', '인천 오락실 아지트 놀거리', 'offline', 'f4781aa9f1a33aa9cb1639e79945391d', 'ko']
Incheon game room Ajit Nol Streetoffline
Incheon game room Ajit Nol Streetoffline
None
None
None
None
None
None
None
None
None
None
None
None
None
None
None
None
None
None
None
None
None
None
None
None
None
None
None
None
None
None
None
None
None
None
None
None
None
None
None
None
None
None
None
None
None
None
None
None
None
None
None
None
None
None
None
None
None
None
None
None
None
None
None
None
None
None
None
None
None
None
None
None
None
None
None
None
None
None
None
None
None
None
None
None
None
None
None
None
None
None
None
None
None
None
None
None
None
None
None
None
None
None
None
None
None
None
None
None
None
None
None
None
None
None
None
Gemini에게 물어보기
None
None
None
None
None
None
None
None
None
None
None
None
None
None
None
None
None
None
None
None
None
None
None
None
None
None
None
None
None
None
None
None
None
None
None
None
None
None
None
None
None
None
None
None
None
None
None
None
None
None
None
None
None
None
None
None
None
None
None
None
None
None
None
None
None
None
None
None
None
None
None
None
None
None
None
None
None
None
None
None
None
None
None
None
None
None
None
None
None
None
None
None
None
None
None
None
None
None
None
None
None
None
None
None
None
None
None
None
None
None
None
None
None
None
None
None
None
None
None
None
None
None
None
None
None
None
None
None
None
None
None
None
None
None
None
None
None
None
None
None
None
None
None
None
None
None
None
None
None
None
None
None
None
None
None
None
None
None
None
Gemini에게 물어보기
None
None
None
None
None
None
None
None
None
None
None
None
None
None
None
None
None
None
None
None
None
None
None
None
None
None
None
None
None
None
None
None
None
None
None
None
None
None
None
None
None
None
None
None
None
None
None
None
수집된 텍스트: create image[[Incheon game room Ajit Nol Streetoffline]]  please related image please make image png file or jpg file with image generator / i need related making image with image generator
스트리밍 중지 버튼이 감지되었습니다. 10초 대기합니다.
스트리밍 중지 버튼이 감지되었습니다. 10초 대기합니다.
스트리밍 중지 버튼이 감지되었습니다. 10초 대기합니다.
스트리밍 중지 버튼이 감지되었습니다. 10초 대기합니다.
스트리밍 중지 버튼이 감지되었습니다. 10초 대기합니다.
스트리밍 중지 버튼이 감지되었습니다. 10초 대기합니다.
스트리밍 중지 버튼이 감지되었습니다. 10초 대기합니다.
스트리밍 중지 버튼이 감지되었습니다. 10초 대기합니다.
while 벗어남
image_bu 
image_bu  이미지
image_bu 프로필 사진
image_buffer ['https://lh3.googleusercontent.com/gg-dl/AA8i_VK564ydqHDXrf6rXtK4GIFIMjBIS0RbONmRAJZAzHJgdLu8DTNywEkkEMV_zMYjmE7A0eWaLr9ITp_6M3dwIYcscf6CsD3wlqQde90gfcGRlLNgppl1kVIXG6Rzcr2ix63l-kNCo8H610gOyS6uMbEJxPJrqZqXvsed-PySuaFmzLFe']
이미지 존재함
IMAGE_PATH_PATH C:\Users\leo9\Documents\image
image_file Image0.png
img_sub_send 732096
******************check1
******************check2
******************check3
1
0
API 체크 상태 확인
driver_gpt <undetected_chromedriver.Chrome (session="2139b47c934a70a15e03c366074d34e2")>
체크3
체크4
현재 URL: https://chatgpt.com/?model=gpt-4o-mini
수집된 텍스트: 주제 : 인천 오락실 아지트 놀거리 / 수집한 글은 다음과 같아 :  _ / <h2 style='font-size:26px;' align='left'> 태그를 총 4개 만들어줘 /  블로그에 작성할 내용이야 글을 최대한 길게 써주고 <h2>가 다음에  관련된 내용을 1500자에서 2000자가 되게 길게 작성해줘/ <b> 또는 <li> 또는 <table border='1' style="text-align:center"> <th style="background-color: lightblue; text-align:center">를 꼭 넣어줘 없으면 글이 단조로워서 안좋아 /글 구성은 1개 [[<<전체 제목(20자~30자)>>]] 과 4개 소제목 내용 이렇게 작성해줘 / <<<전체 글 시작>>> , [[<<전체 제목(20자~30자)>>]], 내용 <<<전체 글 끝>>> 구성으로 시작과 끝을 알려줘
>>체1
>>체2
>>체3
---체
사이드바 닫기
---끝
---체
Ctrl K
---끝
---체
새 채팅
---끝
---체
None
---끝
---체
None
---끝
---체
None
---끝
---체
None
---끝
---체
모델 선택기, 현재 모델은 4o mini
---끝
---체
임시
---끝
---체
모델 선택기, 현재 모델은 4o mini
---끝
---체
임시
---끝
---체
프로필 메뉴 열기
---끝
---체
None
---끝
---체
파일 업로드 및 기타
---끝
---체
검색
---끝
---체
심층 리서치
---끝
---체
도구를 사용하세요
---끝
---체
프롬프트 보내기
---끝
---체
None
---끝
스트리밍 중지 버튼이 감지되었습니다. 10초 대기합니다.
스트리밍 중지 버튼이 감지되었습니다. 10초 대기합니다.
스트리밍 중지 버튼이 감지되었습니다. 10초 대기합니다.
스트리밍 중지 버튼이 감지되었습니다. 10초 대기합니다.
스트리밍 중지 버튼이 감지되었습니다. 10초 대기합니다.
스트리밍 중지 버튼이 감지되었습니다. 10초 대기합니다.
스트리밍 중지 버튼이 감지되었습니다. 10초 대기합니다.
스트리밍 중지 버튼이 감지되었습니다. 10초 대기합니다.
스트리밍 중지 버튼이 감지되었습니다. 10초 대기합니다.
스트리밍 중지 버튼이 감지되었습니다. 10초 대기합니다.
스트리밍 중지 버튼이 감지되었습니다. 10초 대기합니다.
스트리밍 중지 버튼이 감지되었습니다. 10초 대기합니다.
스트리밍 중지 버튼이 감지되었습니다. 10초 대기합니다.
스트리밍 중지 버튼이 감지되었습니다. 10초 대기합니다.
스트리밍 중지 버튼이 감지되었습니다. 10초 대기합니다.
스트리밍 중지 버튼이 감지되었습니다. 10초 대기합니다.
스트리밍 중지 버튼이 감지되었습니다. 10초 대기합니다.
스트리밍 중지 버튼이 감지되었습니다. 10초 대기합니다.
스트리밍 중지 버튼이 감지되었습니다. 10초 대기합니다.
스트리밍 중지 버튼이 감지되었습니다. 10초 대기합니다.
스트리밍 중지 버튼이 감지되었습니다. 10초 대기합니다.
스트리밍 중지 버튼이 감지되었습니다. 10초 대기합니다.
스트리밍 중지 버튼이 감지되었습니다. 10초 대기합니다.
스트리밍 중지 버튼이 감지되었습니다. 10초 대기합니다.
스트리밍 중지 버튼이 감지되었습니다. 10초 대기합니다.
스트리밍 중지 버튼이 감지되었습니다. 10초 대기합니다.
스트리밍 중지 버튼이 감지되었습니다. 10초 대기합니다.
스트리밍 중지 버튼이 감지되었습니다. 10초 대기합니다.
스트리밍 중지 버튼이 감지되었습니다. 10초 대기합니다.
스트리밍 중지 버튼이 감지되었습니다. 10초 대기합니다.
스트리밍 중지 버튼이 감지되었습니다. 10초 대기합니다.
스트리밍 중지 버튼이 감지되었습니다. 10초 대기합니다.
스트리밍 중지 버튼이 감지되었습니다. 10초 대기합니다.
스트리밍 중지 버튼이 감지되었습니다. 10초 대기합니다.
스트리밍 중지 버튼이 감지되었습니다. 10초 대기합니다.
스트리밍 중지 버튼이 감지되었습니다. 10초 대기합니다.
스트리밍 중지 버튼이 감지되었습니다. 10초 대기합니다.
스트리밍 중지 버튼이 감지되었습니다. 10초 대기합니다.
스트리밍 중지 버튼이 감지되었습니다. 10초 대기합니다.
스트리밍 중지 버튼이 감지되었습니다. 10초 대기합니다.
스트리밍 중지 버튼이 감지되었습니다. 10초 대기합니다.
스트리밍 중지 버튼이 감지되었습니다. 10초 대기합니다.
스트리밍 중지 버튼이 감지되었습니다. 10초 대기합니다.
스트리밍 중지 버튼이 감지되었습니다. 10초 대기합니다.
스트리밍 중지 버튼이 감지되었습니다. 10초 대기합니다.
스트리밍 중지 버튼이 감지되었습니다. 10초 대기합니다.
스트리밍 중지 버튼이 감지되었습니다. 10초 대기합니다.
스트리밍 중지 버튼이 감지되었습니다. 10초 대기합니다.
스트리밍 중지 버튼이 감지되었습니다. 10초 대기합니다.
스트리밍 중지 버튼이 감지되었습니다. 10초 대기합니다.
스트리밍 중지 버튼이 감지되었습니다. 10초 대기합니다.
스트리밍 중지 버튼이 감지되었습니다. 10초 대기합니다.
스트리밍 중지 버튼이 감지되었습니다. 10초 대기합니다.
스트리밍 중지 버튼이 감지되었습니다. 10초 대기합니다.
스트리밍 중지 버튼이 감지되었습니다. 10초 대기합니다.
스트리밍 중지 버튼이 감지되었습니다. 10초 대기합니다.
스트리밍 중지 버튼이 감지되었습니다. 10초 대기합니다.
스트리밍 중지 버튼이 감지되었습니다. 10초 대기합니다.
스트리밍 중지 버튼이 감지되었습니다. 10초 대기합니다.
스트리밍 중지 버튼이 감지되었습니다. 10초 대기합니다.
스트리밍 중지 버튼이 감지되었습니다. 10초 대기합니다.
스트리밍 중지 버튼이 감지되었습니다. 10초 대기합니다.
스트리밍 중지 버튼이 감지되었습니다. 10초 대기합니다.
스트리밍 중지 버튼이 감지되었습니다. 10초 대기합니다.
스트리밍 중지 버튼이 감지되었습니다. 10초 대기합니다.
스트리밍 중지 버튼이 감지되었습니다. 10초 대기합니다.
스트리밍 중지 버튼이 감지되었습니다. 10초 대기합니다.
스트리밍 중지 버튼이 감지되었습니다. 10초 대기합니다.
스트리밍 중지 버튼이 감지되었습니다. 10초 대기합니다.
스트리밍 중지 버튼이 감지되었습니다. 10초 대기합니다.
스트리밍 중지 버튼이 감지되었습니다. 10초 대기합니다.
스트리밍 중지 버튼이 감지되었습니다. 10초 대기합니다.
스트리밍 중지 버튼이 감지되었습니다. 10초 대기합니다.
스트리밍 중지 버튼이 감지되었습니다. 10초 대기합니다.
스트리밍 중지 버튼이 감지되었습니다. 10초 대기합니다.
스트리밍 중지 버튼이 감지되었습니다. 10초 대기합니다.
스트리밍 중지 버튼이 감지되었습니다. 10초 대기합니다.
스트리밍 중지 버튼이 감지되었습니다. 10초 대기합니다.
스트리밍 중지 버튼이 감지되었습니다. 10초 대기합니다.
스트리밍 중지 버튼이 감지되었습니다. 10초 대기합니다.
스트리밍 중지 버튼이 감지되었습니다. 10초 대기합니다.
스트리밍 중지 버튼이 감지되었습니다. 10초 대기합니다.
스트리밍 중지 버튼이 감지되었습니다. 10초 대기합니다.
스트리밍 중지 버튼이 감지되었습니다. 10초 대기합니다.
스트리밍 중지 버튼이 감지되었습니다. 10초 대기합니다.
스트리밍 중지 버튼이 감지되었습니다. 10초 대기합니다.
스트리밍 중지 버튼이 감지되었습니다. 10초 대기합니다.
스트리밍 중지 버튼이 감지되었습니다. 10초 대기합니다.
스트리밍 중지 버튼이 감지되었습니다. 10초 대기합니다.
스트리밍 중지 버튼이 감지되었습니다. 10초 대기합니다.
스트리밍 중지 버튼이 감지되었습니다. 10초 대기합니다.
스트리밍 중지 버튼이 감지되었습니다. 10초 대기합니다.
스트리밍 중지 버튼이 감지되었습니다. 10초 대기합니다.
스트리밍 중지 버튼이 감지되었습니다. 10초 대기합니다.
matches2: 인천 오락실 아지트 놀거리 놓칠 수 없는 명소들
text2: 오락실, 그곳은 단순한 놀이공간을 넘어서 우리에게 추억을 선물하는 장소입니다. 특히 인천의 오락실들은 지역 특성상 다양한 오락기기와 아지트처럼 숨겨진 놀거리로 가득 차 있어, 많은 사람들이 찾는 명소로 자리 잡고 있습니다. 이곳에서 즐길 수 있는 다양한 놀거리를 소개하며, 왜 인천 오락실이 특별한지에 대해 알아보겠습니다.
<h2 style='font-size:26px;' align='left'>1. 인천 오락실의 역사와 매력</h2>
인천은 오락실 문화가 살아 숨 쉬는 도시입니다. 특히 90년대 후반부터 2000년대 초반까지, 오락실은 청소년들의 주요 놀이터였고, 많은 사람들이 그 시절을 추억하며 방문합니다. 이러한 역사적 배경이 오락실의 매력을 더해주는데, 과거의 향수를 자극하면서도 현대적인 게임 기기가 결합되어 신구의 조화가 이루어집니다. 인천 오락실의 특징은 바로 그 지역성입니다. 각 오락실은 고유의 분위기를 가지고 있으며, 그곳에서만 경험할 수 있는 재미가 존재합니다.
<b>인천의 오락실들은 다양한 게임 기기들이 밀집해 있어, 사람들은 종종 친구들이나 가족들과 함께 방문하여 더욱 즐거운 시간을 보냅니다. </b> 게임의 종류도 매우 다양해서 고전적인 게임부터 최신 VR 게임까지, 모든 취향을 만족시킬 수 있는 장소입니다.
특히 인천의 오락실은 크고 작은 다양한 지역에서 찾아볼 수 있으며, 그 중 일부는 오래된 건물 안에 숨어 있는 숨겨진 공간들입니다. 이러한 오락실들은 종종 오랜 시간 동안 변화를 겪지 않으면서도 많은 사람들에게 사랑받고 있습니다. <b>아지트처럼 숨겨진 공간에서 다양한 게임을 즐기는 것은 이 지역만의 특색입니다.</b>
<h2 style='font-size:26px;' align='left'>2. 오락실의 다양한 놀거리</h2>
인천 오락실의 매력 중 하나는 다양한 놀거리가 있다는 점입니다. 전통적인 오락실 게임에서부터 최신의 인터랙티브 게임까지, 모든 연령대가 즐길 수 있는 게임들이 마련되어 있습니다. 특히 인천의 오락실에서는 <b>레트로 게임과 최신 게임이 공존하는 공간</b>이 많아, 다양한 취향을 가진 사람들이 모두 만족할 수 있습니다.
<ul> <li><b>클래식 아케이드 게임</b> - 80년대, 90년대의 전통적인 오락실 게임들을 즐길 수 있는 공간이 있습니다. 대표적인 게임인 '갤럭시', '스페이스 인베이더' 등은 세월이 흘러도 여전히 많은 사람들에게 인기를 끌고 있습니다.</li> <li><b>VR 체험 게임</b> - 최신 기술이 적용된 가상현실(VR) 게임들이 오락실에 도입되어 있습니다. 현실과 가상세계의 경계를 넘나드는 게임은 많은 이들의 관심을 끌고 있으며, 몰입감이 뛰어납니다.</li> <li><b>댄스 게임</b> - '댄스 러쉬'와 같은 댄스 게임은 친구들과 함께 즐기기에 좋은 옵션입니다. 음악에 맞춰 발을 움직이며 즐기는 이 게임은 오락실에서 빠지지 않는 인기 게임 중 하나입니다.</li> <li><b>프리미엄 게임 존</b> - 일부 오락실에는 고급스러운 프리미엄 게임이 마련되어 있어, 고유의 특별한 경험을 제공합니다.</li> </ul>
게임뿐만 아니라 <b>인천 오락실에는 다양한 체험 프로그램</b>도 마련되어 있습니다. 각종 대회나 이벤트가 주기적으로 열려, 게임을 좋아하는 사람들뿐만 아니라 오락실 문화를 좋아하는 사람들에게도 인기 있는 명소입니다. 다양한 놀거리들이 모여 있어 누구나 즐거운 시간을 보낼 수 있습니다.
<h2 style='font-size:26px;' align='left'>3. 오락실에서의 추억 만들기</h2>
인천 오락실은 단순히 게임을 하는 공간이 아닙니다. 이곳에서 사람들은 <b>소중한 추억을 만들고</b>, 함께 시간을 보낼 수 있는 장소입니다. 친구나 가족과 함께 오락실에서 시간을 보내면 그 자체가 특별한 경험이 되기 때문입니다.
오락실을 찾는 이유 중 하나는 바로 그 공간에서 누릴 수 있는 <b>추억의 향수</b>입니다. 과거 오락실에서 친구들과 경쟁하며 즐겼던 순간들은 시간이 지나도 쉽게 잊히지 않습니다. 또한, 각 게임마다 고유한 스토리와 개성이 있기 때문에, 특정 게임을 통해 추억을 되살리기도 합니다. 오락실에서 친구와 함께 고득점을 기록하거나, 함께 즐기면서 대화하는 것은 그 자체로 소중한 시간이 됩니다.
특히 최근에는 인천 오락실에서 추억을 되살리기 위해 찾아오는 사람들이 많습니다. '오락실 아지트'라고 불리는 곳에서는, 과거의 게임들을 다시 한번 즐길 수 있어 많은 사람들이 즐겁게 시간을 보내고 있습니다. <b>그런 오락실에서 추억을 만드는 것은 인천을 찾는 이유 중 하나입니다.</b>
<h2 style='font-size:26px;' align='left'>4. 인천 오락실 아지트에서 즐길 수 있는 특별한 혜택</h2>
인천 오락실의 아지트들은 단순히 게임을 즐기는 곳 이상의 의미를 가지고 있습니다. 특히 오락실의 많은 곳에서는 <b>특별한 혜택과 프로모션</b>을 제공하여 더 많은 사람들이 이곳을 찾고 있습니다.
<table border='1' style="text-align:center"> <th style="background-color: lightblue; text-align:center">혜택 종류</th> <th style="background-color: lightblue; text-align:center">설명</th> <tr> <td>멤버십 카드</td> <td>자주 방문하는 고객을 위한 멤버십 카드 제공. 포인트 적립 및 다양한 할인 혜택이 제공됩니다.</td> </tr> <tr> <td>시간제 요금제</td> <td>정해진 시간 동안 자유롭게 게임을 즐길 수 있는 시간제 요금제를 운영하여, 경제적으로 게임을 즐길 수 있습니다.</td> </tr> <tr> <td>단체 할인</td> <td>친구들과 함께 방문하는 경우, 단체 할인 혜택을 제공하여 더욱 저렴하게 즐길 수 있습니다.</td> </tr> </table>
이 외에도 다양한 이벤트가 주기적으로 열려 방문객들에게 더욱 즐거운 시간을 선사합니다. 예를 들어, 시즌별 게임 대회나 특별 할인 이벤트 등이 열려 사람들이 더 자주 방문하게 만듭니다. 인천 오락실 아지트는 이처럼 <b>특별한 혜택과 프로모션</b>을 통해 방문객들에게 더욱 매력적인 장소로 다가가고 있습니다.
check_word_length 0
len(kkq) 3097
제목  인천 오락실 아지트 놀거리 놓칠 수 없는 명소들
아이디 :  e9t1gz4d
비밀번호 :  dfsdfsdf
[{'domain': '.naver.com', 'expiry': 1777116575, 'httpOnly': True, 'name': 'BUC', 'path': '/', 'sameSite': 'None', 'secure': True, 'value': 'g3WwpGqF0f7mU6-M8VwtVga7Ryp1o_CXcbjkod_oDSg='}, {'domain': '.nid.naver.com', 'expiry': 1774092575, 'httpOnly': False, 'name': 'nid_slevel', 'path': '/', 'sameSite': 'Lax', 'secure': False, 'value': '-1'}, {'domain': '.nid.naver.com', 'expiry': 1777116557, 'httpOnly': False, 'name': 'nid_buk', 'path': '/', 'sameSite': 'Lax', 'secure': True, 'value': 'D7LNW5MLJXOWO'}, {'domain': '.naver.com', 'expiry': 1777116575, 'httpOnly': False, 'name': 'NNB', 'path': '/', 'sameSite': 'None', 'secure': True, 'value': 'D7LNW5MLJXOWO'}, {'domain': '.naver.com', 'expiry': 1742556875, 'httpOnly': False, 'name': 'SRT5', 'path': '/', 'sameSite': 'None', 'secure': True, 'value': '1742556555'}, {'domain': '.naver.com', 'expiry': 1742642952, 'httpOnly': False, 'name': 'NACT', 'path': '/', 'sameSite': 'Lax', 'secure': False, 'value': '1'}, {'domain': '.naver.com', 'expiry': 1742558375, 'httpOnly': False, 'name': 'SRT30', 'path': '/', 'sameSite': 'None', 'secure': True, 'value': '1742556555'}, {'domain': '.nid.naver.com', 'expiry': 1759836575, 'httpOnly': True, 'name': 'NID_JST', 'path': '/', 'sameSite': 'Lax', 'secure': True, 'value': 'rmvB/GzEsYyxfqKufL9eec/CGMUkiYH9JU/8EeVgM78ADIN3iqG+THV9OEWRAvFGsjdmuSDbiD0+iXuKOeoPmwkoDZdJd5c11bGFjWb0m0tAsQadSwE5FhQQ8j12htqqz2cK9+agjLLa+W5AgcllSnOhFq6xTwMXUuvvliGTp4M='}, {'domain': '.naver.com', 'expiry': 1777116552, 'httpOnly': False, 'name': 'NAC', 'path': '/', 'sameSite': 'None', 'secure': True, 'value': 'jjilBgg9ksug'}]
cookies_dict: [{'domain': '.naver.com', 'expiry': 1777116575, 'httpOnly': True, 'name': 'BUC', 'path': '/', 'sameSite': 'None', 'secure': True, 'value': 'g3WwpGqF0f7mU6-M8VwtVga7Ryp1o_CXcbjkod_oDSg='}, {'domain': '.nid.naver.com', 'expiry': 1774092575, 'httpOnly': False, 'name': 'nid_slevel', 'path': '/', 'sameSite': 'Lax', 'secure': False, 'value': '-1'}, {'domain': '.nid.naver.com', 'expiry': 1777116557, 'httpOnly': False, 'name': 'nid_buk', 'path': '/', 'sameSite': 'Lax', 'secure': True, 'value': 'D7LNW5MLJXOWO'}, {'domain': '.naver.com', 'expiry': 1777116575, 'httpOnly': False, 'name': 'NNB', 'path': '/', 'sameSite': 'None', 'secure': True, 'value': 'D7LNW5MLJXOWO'}, {'domain': '.naver.com', 'expiry': 1742556875, 'httpOnly': False, 'name': 'SRT5', 'path': '/', 'sameSite': 'None', 'secure': True, 'value': '1742556555'}, {'domain': '.naver.com', 'expiry': 1742642952, 'httpOnly': False, 'name': 'NACT', 'path': '/', 'sameSite': 'Lax', 'secure': False, 'value': '1'}, {'domain': '.naver.com', 'expiry': 1742558375, 'httpOnly': False, 'name': 'SRT30', 'path': '/', 'sameSite': 'None', 'secure': True, 'value': '1742556555'}, {'domain': '.nid.naver.com', 'expiry': 1759836575, 'httpOnly': True, 'name': 'NID_JST', 'path': '/', 'sameSite': 'Lax', 'secure': True, 'value': 'rmvB/GzEsYyxfqKufL9eec/CGMUkiYH9JU/8EeVgM78ADIN3iqG+THV9OEWRAvFGsjdmuSDbiD0+iXuKOeoPmwkoDZdJd5c11bGFjWb0m0tAsQadSwE5FhQQ8j12htqqz2cK9+agjLLa+W5AgcllSnOhFq6xTwMXUuvvliGTp4M='}, {'domain': '.naver.com', 'expiry': 1777116552, 'httpOnly': False, 'name': 'NAC', 'path': '/', 'sameSite': 'None', 'secure': True, 'value': 'jjilBgg9ksug'}]
cookies_dict [{'domain': '.naver.com', 'expiry': 1777116575, 'httpOnly': True, 'name': 'BUC', 'path': '/', 'sameSite': 'None', 'secure': True, 'value': 'g3WwpGqF0f7mU6-M8VwtVga7Ryp1o_CXcbjkod_oDSg='}, {'domain': '.nid.naver.com', 'expiry': 1774092575, 'httpOnly': False, 'name': 'nid_slevel', 'path': '/', 'sameSite': 'Lax', 'secure': False, 'value': '-1'}, {'domain': '.nid.naver.com', 'expiry': 1777116557, 'httpOnly': False, 'name': 'nid_buk', 'path': '/', 'sameSite': 'Lax', 'secure': True, 'value': 'D7LNW5MLJXOWO'}, {'domain': '.naver.com', 'expiry': 1777116575, 'httpOnly': False, 'name': 'NNB', 'path': '/', 'sameSite': 'None', 'secure': True, 'value': 'D7LNW5MLJXOWO'}, {'domain': '.naver.com', 'expiry': 1742556875, 'httpOnly': False, 'name': 'SRT5', 'path': '/', 'sameSite': 'None', 'secure': True, 'value': '1742556555'}, {'domain': '.naver.com', 'expiry': 1742642952, 'httpOnly': False, 'name': 'NACT', 'path': '/', 'sameSite': 'Lax', 'secure': False, 'value': '1'}, {'domain': '.naver.com', 'expiry': 1742558375, 'httpOnly': False, 'name': 'SRT30', 'path': '/', 'sameSite': 'None', 'secure': True, 'value': '1742556555'}, {'domain': '.nid.naver.com', 'expiry': 1759836575, 'httpOnly': True, 'name': 'NID_JST', 'path': '/', 'sameSite': 'Lax', 'secure': True, 'value': 'rmvB/GzEsYyxfqKufL9eec/CGMUkiYH9JU/8EeVgM78ADIN3iqG+THV9OEWRAvFGsjdmuSDbiD0+iXuKOeoPmwkoDZdJd5c11bGFjWb0m0tAsQadSwE5FhQQ8j12htqqz2cK9+agjLLa+W5AgcllSnOhFq6xTwMXUuvvliGTp4M='}, {'domain': '.naver.com', 'expiry': 1777116552, 'httpOnly': False, 'name': 'NAC', 'path': '/', 'sameSite': 'None', 'secure': True, 'value': 'jjilBgg9ksug'}]

Empty file or Expired Session22
텍스트 :  <!DOCTYPE html>
<html lang="ko">
<head>
    <meta charset="utf-8">
    <meta http-equiv="X-UA-Compatible" content="IE=edge, chrome=1">
    <meta name="viewport" content="width=device-width, initial-scale=1.0, maximum-scale=1.0, user-scalable=no">
    <meta name="description" content="네이버에 로그인 하고 다양한 서비스를 이용해 보세요">
    <meta name="robots" content="index, follow">
    <meta name="Keywords" content="네이버 로그인">
    <title>네이버 : 로그인</title>
    <link rel="shortcut icon" href="/login/image/favicon.ico">
    <link rel="apple-touch-icon-precomposed" href="https://s.pstatic.net/static/www/mobile/edit/20220408_0/upload_16493972759253VFbg.png">
    <link rel="apple-touch-icon-precomposed" sizes="96x96" href="https://s.pstatic.net/static/www/mobile/edit/20220408_0/upload_1649397297725OckVW.png">
    <link rel="apple-touch-icon-precomposed" sizes="144x144" href="https://s.pstatic.net/static/www/mobile/edit/20220408_0/upload_1649397312685xI8Rn.png">
    <link rel="apple-touch-icon-precomposed" sizes="192x192" href="https://s.pstatic.net/static/www/mobile/edit/20220408_0/upload_1649397328060s5AJW.png">
    <link href="https://nid.naver.com/favicon_1024.png" rel="apple-touch-icon-precomposed" sizes="1024x1024"/>
    <link rel="stylesheet" type="text/css" href="/login/css/v2/mobile/mlogin.default.20241009.css?v=20250226">
    <script type="text/javascript" src="/login/js/srcOnError.js"></script>
</head>
<body class="whole_white">
<div id="wrap" class="wrap">
    <div class="u_skip"><a href="#container">본문 바로가기</a></div>
    <header id="header" role="banner" class="header">
        <div class="header_inner">
            <button tyle="button" id="back" class="btn_back"><span class="icon_back"><span class="blind">뒤로가기</span></span></button>
            <div class="lang">
                <a href="#" id="locale_switch" class="lang_select" role="listbox" aria-expanded="false" aria-label="언어선택">
                    <span class="lang_text" id="langCode">한국어</span>
                </a>
                <ul class="lang_list" id="lang_list" style="display: none;">
                    <li><a href="#" id="lang_ko" class="language"><span class="text">한국어</span></a></li>
                    <li><a href="#" id="lang_en" class="language"><span class="text">English</span></a></li>
                    <li><a href="#" id="lang_cn" class="language"><span class="text">中文(简体)</span></a></li>
                    <li><a href="#" id="lang_tw" class="language"><span class="text">中文(台灣)</span></a></li>
                </ul>
            </div>
        </div>
    </header>
    <div id="container" class="container">

        <!-- content -->
        <div id="content">
            <div class="login_logo_wrap">
                <a href="https://m.naver.com"><h1 class="logo"><span class="blind">네이버</span></h1></a>
            </div>

            <div class="login_wrap">
                <div class="login_inner">
                    <form id="frmNIDLogin" name="frmNIDLogin" target="_top" AUTOCOMPLETE="off"
                          action="https://nid.naver.com/nidlogin.login" method="POST">
                        <input type="hidden" id="localechange" name="localechange" value="">
                        <input type="hidden" name="dynamicKey" id="dynamicKey" value="slzQBkVLYnacy2rdYpPQdITClBAfQ8oKT8bToOD2rPJq0HUREpAMotgmAsI8Fa3uLVkocsptOaL1vQO3oGxYxXutc6WFSgx0k8F0Owp8NMw">
                        <input type="hidden" name="encpw" id="encpw" value="">
<input type="hidden" name="sessionKey" id="sessionKey" value="">
<input type="hidden" name="show_pk" id="show_pk" value="true">
<input type="hidden" name="wtoken" id="wtoken" value="">
<input type="hidden" name="svctype" id="svctype" value="262144">
<input type="hidden" name="bvsd" id="bvsd" value="">
<input type="hidden" name="locale" id="locale" value="ko_KR">
<input type="hidden" name="url" id="url" value="https://m.naver.com/">
<input type="hidden" name="appSchemeView" id="appSchemeView" value="true">
<input type="hidden" name="enctp" id="enctp" value="1">
<input type="hidden" name="next_step" id="next_step" value="false">
<input type="hidden" name="fbOff" id="fbOff" value="true">
<input type="hidden" name="smart_LEVEL" id="smart_LEVEL" value="-1">
<input type="hidden" name="encnm" id="encnm" value="">


                        <div class="login_form_wrap">
                            <div class="login_form">
                                <div class="login_box">
                                    <div class="input_item id on " id="input_item_id">
                                        <input type="text" id="id" name="id" accesskey="L" maxlength="41"
                                               autocapitalize="none" value="e9t1gz4d"
                                               title="아이디" class="input_id" aria-label="아이디 또는 전화번호">
                                        <label for="id" class="text_label" id="id_label" aria-hidden="true"></label>
                                        <button type="button" class="btn_delete" id="id_clear" style="display: none;">
                                            <span class="icon_delete">
	                                            <span class="blind">삭제</span>
	                                        </span>
                                        </button>
                                    </div>
                                    <div class="input_item pw" id="input_item_pw">
                                        <input type="password" id="pw" name="pw" title="비밀번호"
                                               class="input_pw" maxlength="16" aria-label="비밀번호">
                                        <label for="pw" class="text_label" id="pw_label" aria-hidden="true"></label>
                                        <button type="button" class="btn_view hide" id="pw_hide" aria-pressed="false" style="display: none;">
	                                        <span class="icon_view">
                                                <span class="blind" id="icon_view">선택 안 됨,비밀번호 표시</span>
	                                        </span>
                                        </button>
                                        <button type="button" class="btn_delete" id="pw_clear" style="display: none;">
                                            <span class="icon_delete">
                                                <span class="blind">삭제</span>
                                            </span>
                                        </button>
                                    </div>
                                </div>
                            </div>
                            <div class="login_error addchat"
                                 id="login_error_msg" >
                                <div class="cell" >
                                    <div class="error_message" id="error_message">
                                            아이디(로그인 전화번호, 로그인 전용 아이디) 또는 비밀번호가 잘못 되었습니다. 아이디와 비밀번호를 정확히 입력해 주세요.
                                    </div>
                                </div>
                                <div class="cell">
                                    <a href="https://nca.naver.com/chat/account/view" id="log.chatbot" 
                                        
                                        target="_blank" class="chatbot">
                                        <span class="blind">챗봇상담</span>
                                    </a>
                                </div>
                            </div>
                            <!-- button -->
                            <button type="button" class="btn_check off next_step" id="submit_btn">
                                <!-- tg-text=btn-text -->
                                <span class="text" id="login_btn">.</span>
                            </button>
                            <div class="login_stay" id="login_stay">
                                <input type="hidden" id="nvlongoff" name="nvlongoff" value="">
                                <input id="login_chk" name="nvlong"
                                       type="checkbox"  value="on" checked  >
                                <label for="login_chk" class="check_row">
                                    <span class="check_text" id="staylogin">로그인 상태 유지</span>
                                </label>
                            </div>
                            <div class="dividing_safe" id="passkey.divider">
                                    <span class="text" id="safer">지문 · 얼굴 인증을 설정했다면</span>
                                </div>
                            <button type="button" class="btn_check white nlog-click" id="log.passkeylogin">
                                <!-- tg-text=btn-text-passkey-login -->
                                <span class="text" id="passkeyText_btn">패스키 로그인</span>
                                <span class="blind" id="log.passkey.login.blind">패스키로그인 버튼</span>
                            </button>
                        </div>
                    </form>
                    <ul class="find_wrap" id="find_wrap_KR">
                        <li><a target="_blank" id="pwinquiry"
                                href="https://nid.naver.com/user2/api/route?m=routePwInquiry&lang=ko_KR"
                                class="find_text">비밀번호 찾기</a></li>
                        <li><a target="_blank" id="idinquiry"
                                href="https://nid.naver.com/user2/api/route?m=routeIdInquiry&lang=ko_KR"
                                class="find_text">아이디 찾기</a></li>
                        <li><a target="_blank" id="join"
                                href="https://nid.naver.com/user2/V2Join?m=agree&lang=ko_KR&realname=N"
                                class="find_text"><span id="joinspan" class="accent">회원가입</span></a></li>
                    </ul>
                    <ul class="find_wrap" id="find_wrap">
                        <li>
                            <div class="find_text">Forgot <a target="_blank" id="pwinquiry2"
                                                                href="https://nid.naver.com/user2/api/route?m=routePwInquiry&lang=en_US"
                                                                class="find_link">Password</a> or <a
                                        id="idinquiry2" target="_blank"
                                        href="https://nid.naver.com/user2/api/route?m=routeIdInquiry&lang=en_US"
                                        class="find_link">ID</a>?
                            </div>
                        </li>
                        <li><a target="_blank" id="join2"
                                href="https://nid.naver.com/user2/V2Join?m=agree&lang=en_US&realname=N"
                                class="find_text"><span id="joinspan2" class="accent">Sign up</span></a></li>
                    </ul>

                    <div class="sns_wrap" id="sns_wrap">
                        <p class="sns_title">Sign in & Join with</p>
                        <ul class="sns_list">
                            <li>
                                <a id="sns_line" href="/oauth/global/initSNS?idp_cd=line&locale=ko_KR&svctype=262144&postDataKey=&url=https%3A%2F%2Fm.naver.com%2F">
                                    <span class="icon_line"><span class="blind">LINE</span></span>
                                </a>
                            </li>
                            <li  style="display: none;">
                                <a id="sns_facebook" href="/oauth/global/initSNS?idp_cd=facebook&locale=ko_KR&svctype=262144&postDataKey=&url=https%3A%2F%2Fm.naver.com%2F">
                                    <span class="icon_face"><span class="blind">Facebook</span></span>
                                </a>
                            </li>
                        </ul>
                    </div>
                    <div id="gladbanner" style="padding-top:40px">
                        &nbsp;
                    </div>
                </div>
            </div>
        </div>
    </div>
    <footer class="footer" role="contentinfo">
        <div class="footer_inner">
            <ul class="footer_list">
                <li><a href="https://nca.naver.com/chat/account/view" id="fot.smartbot" class="footer_item"><span id="footer_smartbot" class="footer_text">스마트봇 상담</span></a></li>
                <li><a href="https://help.naver.com/service/5640/category/bookmark?lang=ko" id="fot.help" class="footer_item"><span id="foooter_help" class="footer_text">고객센터</span></a></li>
            </ul>
            <div class="footer_logo_area">
                <a href="https://www.navercorp.com/" class="footer_item" id="fot.footlogo">
                        <span class="footer_logo">
                            <span class="blind">네이버</span>
                        </span>
                </a>
            </div>
        </div>
    </footer>
</div>
</body>
<input type="hidden" id="nclicks_nsc" name="nclicks_nsc" value="Mnid.login_kr">
<input type="hidden" id="nid_buk" name="nid_buk" value="none">
<input type="hidden" id="session_keys" name="session_keys" value="Pxwin1L7pv4PJBHxYpN6yR1JEiN9Yi6F,100020680,917e0703e36f989f4710497fe6e1376f290b5b9ae8edfd3576af9c91710129e7a2608bbad21abd979dd972a757551bf2c0cc9a6c8b4c4312f73a7c4beb08eec845924d48956da5509c12092cf49b52fd3669b865a32efbbfe76f0e70ab1b83086d3b2d9bc8c5c70eced49d532e536eb2ad7a0e6010561b0aed8676153599ddb1,010001">
<input type="hidden" id="ncaptchaSplit" name="ncaptchaSplit" value="none">
<input type="hidden" id="dispclientname" name="dispclientname" value="">
<input type="hidden" id="failUrl" name="failUrl" value="">
    <script type="text/javascript" async src="https://ssl.pstatic.net/tveta/libs/glad/prod/gfp-core.js"></script>
<script type="text/javascript" src="/passkey/js/passkeyApi.js?v=20250120"></script>
<script type="text/javascript" src="/login/js/v3/mobile/default.js?v=20250225"></script>
<script type="text/javascript" src="/login/js/imgOnError.js"></script>
<script
        type="text/javascript"
        src="https://ncpt.naver.com/static/ncaptcha-api.js?ncaptcha-sitekey=6e3d93f4f845d053db08d51e2eb36ca3efe03fea21f21ee8d02e60ef10f6b73a15e951eccc1ef4b866ab3ce4"
        ncaptcha-onload="initNcaptcha" async defer
></script>
<div id="nv_stat" style="display:none;">1</div>
</html>

{'result': False}
<requests.sessions.Session object at 0x0000020730D97BB0> True

Successful creation of new session
hereNew2NID_JST -> TYNb1Cu31Wlewl4JoDFiVYZMxMFtzwMVkad/1JT5qf4IO75GE1C4QUrZlECmVDdN6Isvl5nptOFD0IZIKaw0tqFg+RzirnzxQGLrkwPjO5ShmvY/HHDzcpCXegJ7WzEXP92fJ9tWI/g2vGUXPwLwzjSI6ABMoZShkXAYUUE2+VY=
hereNew2JSESSIONID -> 726FC62B2A24CBB8E6D2E699240242D4.jvm1

New Session Cookies Saved:  {'NID_JST': 'TYNb1Cu31Wlewl4JoDFiVYZMxMFtzwMVkad/1JT5qf4IO75GE1C4QUrZlECmVDdN6Isvl5nptOFD0IZIKaw0tqFg+RzirnzxQGLrkwPjO5ShmvY/HHDzcpCXegJ7WzEXP92fJ9tWI/g2vGUXPwLwzjSI6ABMoZShkXAYUUE2+VY=', 'JSESSIONID': '726FC62B2A24CBB8E6D2E699240242D4.jvm1'}
Page loaded successfully
블로그------>blogID MyBlog.naver
cookies [{'domain': '.naver.com', 'expiry': 1742557458, 'httpOnly': False, 'name': 'SRT5', 'path': '/', 'sameSite': 'None', 'secure': True, 'value': '1742557158'}, {'domain': '.naver.com', 'expiry': 1777117158, 'httpOnly': True, 'name': 'BUC', 'path': '/', 'sameSite': 'None', 'secure': True, 'value': 'Y_tFbNcxQfdbVelOOnWtheoDeS_QIpkgZPHuVje0ZGo='}, {'domain': '.nid.naver.com', 'expiry': 1774093157, 'httpOnly': False, 'name': 'nid_slevel', 'path': '/', 'sameSite': 'Lax', 'secure': False, 'value': '-1'}, {'domain': '.nid.naver.com', 'expiry': 1777116557, 'httpOnly': False, 'name': 'nid_buk', 'path': '/', 'sameSite': 'Lax', 'secure': True, 'value': 'D7LNW5MLJXOWO'}, {'domain': '.naver.com', 'expiry': 1777117158, 'httpOnly': False, 'name': 'NNB', 'path': '/', 'sameSite': 'None', 'secure': True, 'value': 'D7LNW5MLJXOWO'}, {'domain': '.naver.com', 'expiry': 1742642952, 'httpOnly': False, 'name': 'NACT', 'path': '/', 'sameSite': 'Lax', 'secure': False, 'value': '1'}, {'domain': '.naver.com', 'expiry': 1742558958, 'httpOnly': False, 'name': 'SRT30', 'path': '/', 'sameSite': 'None', 'secure': True, 'value': '1742556555'}, {'domain': '.nid.naver.com', 'expiry': 1759837157, 'httpOnly': True, 'name': 'NID_JST', 'path': '/', 'sameSite': 'Lax', 'secure': True, 'value': 'ZHuVctqwxuriLClbdy4i2sk+Osxppanh57KYRh+ziv0qsx/B1TwcCg0PDi4w8Xz3hh+AuIkwcQ94t5oZTLRxuDo10W4xDXft5SvgPPkauqxZz5cR4aSqpQhOKjfEAMKqlYXCrhHNtQLCN/WnHgWBt/FE4FpBty4Et4vYWdJ2Xf0='}, {'domain': '.naver.com', 'expiry': 1777116552, 'httpOnly': False, 'name': 'NAC', 'path': '/', 'sameSite': 'None', 'secure': True, 'value': 'jjilBgg9ksug'}]
SRT5 -> 1742557158
BUC -> Y_tFbNcxQfdbVelOOnWtheoDeS_QIpkgZPHuVje0ZGo=
nid_slevel -> -1
nid_buk -> D7LNW5MLJXOWO
NNB -> D7LNW5MLJXOWO
NACT -> 1
SRT30 -> 1742556555
NID_JST -> ZHuVctqwxuriLClbdy4i2sk+Osxppanh57KYRh+ziv0qsx/B1TwcCg0PDi4w8Xz3hh+AuIkwcQ94t5oZTLRxuDo10W4xDXft5SvgPPkauqxZz5cR4aSqpQhOKjfEAMKqlYXCrhHNtQLCN/WnHgWBt/FE4FpBty4Et4vYWdJ2Xf0=
NAC -> jjilBgg9ksug
쿠키 체크
userNaverId e9t1gz4d
cookies [{'domain': '.naver.com', 'expiry': 1777117177, 'httpOnly': True, 'name': 'BUC', 'path': '/', 'sameSite': 'None', 'secure': True, 'value': 'kNXe5rMtZ8h03skFAjhkitxOdqIdR84Zksdj2Kh0jAY='}, {'domain': '.nid.naver.com', 'expiry': 1774093177, 'httpOnly': False, 'name': 'nid_slevel', 'path': '/', 'sameSite': 'Lax', 'secure': False, 'value': '-1'}, {'domain': '.naver.com', 'expiry': 1742557477, 'httpOnly': False, 'name': 'SRT5', 'path': '/', 'sameSite': 'None', 'secure': True, 'value': '1742557158'}, {'domain': '.nid.naver.com', 'expiry': 1777116557, 'httpOnly': False, 'name': 'nid_buk', 'path': '/', 'sameSite': 'Lax', 'secure': True, 'value': 'D7LNW5MLJXOWO'}, {'domain': '.naver.com', 'expiry': 1777117177, 'httpOnly': False, 'name': 'NNB', 'path': '/', 'sameSite': 'None', 'secure': True, 'value': 'D7LNW5MLJXOWO'}, {'domain': '.naver.com', 'expiry': 1742642952, 'httpOnly': False, 'name': 'NACT', 'path': '/', 'sameSite': 'Lax', 'secure': False, 'value': '1'}, {'domain': '.naver.com', 'expiry': 1742558977, 'httpOnly': False, 'name': 'SRT30', 'path': '/', 'sameSite': 'None', 'secure': True, 'value': '1742556555'}, {'domain': '.nid.naver.com', 'expiry': 1759837177, 'httpOnly': True, 'name': 'NID_JST', 'path': '/', 'sameSite': 'Lax', 'secure': True, 'value': '1px0ad7QD0sw5SFBvCcxm3YBSsxijWZe0vpXNxgvBUV01+0S5v4Ayn4GUOiM/6oNAEc/aNjS+HH+9NWXpR42FeZzwCXm8qXjzXByWulMv/5F+4WEY+5D1LYB6s/4Haizq6Ys3axkfiF0XHQjsakWr76sLF93V9tdMaR2D6dws6o='}, {'domain': '.naver.com', 'expiry': 1777116552, 'httpOnly': False, 'name': 'NAC', 'path': '/', 'sameSite': 'None', 'secure': True, 'value': 'jjilBgg9ksug'}]
BUC -> kNXe5rMtZ8h03skFAjhkitxOdqIdR84Zksdj2Kh0jAY=
nid_slevel -> -1
SRT5 -> 1742557158
nid_buk -> D7LNW5MLJXOWO
NNB -> D7LNW5MLJXOWO
NACT -> 1
SRT30 -> 1742556555
NID_JST -> 1px0ad7QD0sw5SFBvCcxm3YBSsxijWZe0vpXNxgvBUV01+0S5v4Ayn4GUOiM/6oNAEc/aNjS+HH+9NWXpR42FeZzwCXm8qXjzXByWulMv/5F+4WEY+5D1LYB6s/4Haizq6Ys3axkfiF0XHQjsakWr76sLF93V9tdMaR2D6dws6o=
NAC -> jjilBgg9ksug
handles :  ['7314E63FE0F0B3854A39E1C98E6B3CAB']
스탑
['C:\\Users\\leo9\\Documents\\image\\titled_image.png']


<!DOCTYPE html>
<html lang="ko">
<head>
	<meta http-equiv="Pragma" content="No-Cache">
	<meta http-equiv="Expires" content="0">
	<meta http-equiv="Cache-Control" content="no-cache">
	<meta charset="UTF-8">
	<meta name="viewport" content="width=device-width, initial-scale=1.0">
	<meta http-equiv="X-UA-Compatible" content="ie=edge">
	<title>블로그 :: 네이버</title>
	<style>
		@font-face {
			font-family: 'NanumGothic';
			font-style: normal;
			font-weight: 400;
			src: url(https://ssl.pstatic.net/static/blog/font/NanumGothic-Regular.eot);
			src: local("Nanum Gothic Regular"),local("NanumGothicR"),url(https://ssl.pstatic.net/static/blog/font/NanumGothic-Regular.eot?#iefix) format("embedded-opentype"),url(https://ssl.pstatic.net/static/blog/font/NanumGothic-Regular.woff2) format("woff2"),url(https://ssl.pstatic.net/static/blog/font/NanumGothic-Regular.woff) format("woff"),url(https://ssl.pstatic.net/static/blog/font/NanumGothic-Regular.ttf) format("truetype")
		}

		@font-face {
			font-family: 'NanumGothic';
			font-style: normal;
			font-weight: 700;
			src: url(https://ssl.pstatic.net/static/blog/font/NanumGothic-Bold.eot);
			src: local("Nanum Gothic Bold"),local("NanumGothicB"),url(https://ssl.pstatic.net/static/blog/font/NanumGothic-Bold.eot?#iefix) format("embedded-opentype"),url(https://ssl.pstatic.net/static/blog/font/NanumGothic-Bold.woff2) format("woff2"),url(https://ssl.pstatic.net/static/blog/font/NanumGothic-Bold.woff) format("woff"),url(https://ssl.pstatic.net/static/blog/font/NanumGothic-Bold.ttf) format("truetype")
		}
		html { height: 100%; }
		body { overflow: hidden; margin: 0; display: table; width: 100%; height: 100%; }
		.error_wrap { display: table-cell; font-family: NanumGothic, sans-serif; text-align: center; vertical-align: middle; }
		.error_svg { line-height: 0; }
		.error_h1 { margin: 28px 0 0; font-size: 24px; line-height: 32px; font-weight: 700; color: #000; }
		.error_p { margin: 8px 0 0; font-size: 15px; line-height: 21px; color: #000; }
		.area_btn{margin-top:44px;font-size:0;line-height:0;}
		.area_btn .link{display:inline-block;width:280px;height:48px;border-radius:6px;background-color:#323232;font-size:15px;line-height:48px;color:#fff;font-weight:700;text-align:center;text-decoration:none}
	</style>
</head>
<body>
<div class="error_wrap">
	<div class="error_svg">
		<svg xmlns="http://www.w3.org/2000/svg" width="52" height="52" viewBox="0 0 52 52">
			<g fill="none" fill-rule="evenodd" stroke-linecap="round" stroke-linejoin="round">
				<g stroke="#03C75A">
					<g transform="translate(-486 -223) translate(372 223) translate(114) translate(3 3) translate(.25 .25)">
						<path stroke-width="2.5" d="M22.75 9.208L22.75 27.865M22.75 33.763L22.75 36.292"/>
						<circle cx="22.75" cy="22.75" r="22.75" stroke-width="2"/>
					</g>
				</g>
			</g>
		</svg>

	</div>
	<h1 class="error_h1">죄송합니다. 유효하지 않은 요청입니다.</h1>
	<p class="error_p">접근하고자하는 블로그 아이디가 없습니다.  접근하고자하는 블로그 아이디를 입력해주시기 바랍니다.</p>
	<div class="area_btn">
		<a href="javascript:history.back(-1)" class="link">이전 화면으로</a>
	</div>
</div>
</body>
</html>
----------------------------import --------
에러메세지
Expecting value: line 3 column 1 (char 2)
----------------------------import --------
에러메세지
1
Exception in thread Thread-7 (resevation_excel):
Traceback (most recent call last):
  File "C:\Users\leo9\AppData\Local\Programs\Python\Python310\lib\site-packages\pandas\core\indexes\base.py", line 3803, in get_loc
    return self._engine.get_loc(casted_key)
  File "pandas\_libs\index.pyx", line 138, in pandas._libs.index.IndexEngine.get_loc
  File "pandas\_libs\index.pyx", line 165, in pandas._libs.index.IndexEngine.get_loc
  File "pandas\_libs\hashtable_class_helper.pxi", line 2263, in pandas._libs.hashtable.Int64HashTable.get_item
  File "pandas\_libs\hashtable_class_helper.pxi", line 2273, in pandas._libs.hashtable.Int64HashTable.get_item
KeyError: 1

The above exception was the direct cause of the following exception:

Traceback (most recent call last):
  File "E:\SynologyDrive\10 네이버 자동포스팅\버전업\내꺼(version2)_아이디 여러개_version2_제목 다시\NewFinal_bard_naver\Premium_naver_V2.106T2.py", line 12083, in resevation_excel
    entmodify_monitor_page2.insert(END,'아이디 : %s ! \n' %ID[excel_counter])
  File "C:\Users\leo9\AppData\Local\Programs\Python\Python310\lib\site-packages\pandas\core\series.py", line 981, in __getitem__
    return self._get_value(key)
  File "C:\Users\leo9\AppData\Local\Programs\Python\Python310\lib\site-packages\pandas\core\series.py", line 1089, in _get_value
    loc = self.index.get_loc(label)
  File "C:\Users\leo9\AppData\Local\Programs\Python\Python310\lib\site-packages\pandas\core\indexes\base.py", line 3805, in get_loc
    raise KeyError(key) from err
KeyError: 1

During handling of the above exception, another exception occurred:

Traceback (most recent call last):
  File "C:\Users\leo9\AppData\Local\Programs\Python\Python310\lib\site-packages\pandas\core\indexes\base.py", line 3803, in get_loc
    return self._engine.get_loc(casted_key)
  File "pandas\_libs\index.pyx", line 138, in pandas._libs.index.IndexEngine.get_loc
  File "pandas\_libs\index.pyx", line 165, in pandas._libs.index.IndexEngine.get_loc
  File "pandas\_libs\hashtable_class_helper.pxi", line 2263, in pandas._libs.hashtable.Int64HashTable.get_item
  File "pandas\_libs\hashtable_class_helper.pxi", line 2273, in pandas._libs.hashtable.Int64HashTable.get_item
KeyError: 1

The above exception was the direct cause of the following exception:

Traceback (most recent call last):
  File "C:\Users\leo9\AppData\Local\Programs\Python\Python310\lib\threading.py", line 1016, in _bootstrap_inner
    self.run()
  File "C:\Users\leo9\AppData\Local\Programs\Python\Python310\lib\threading.py", line 953, in run
    self._target(*self._args, **self._kwargs)
  File "E:\SynologyDrive\10 네이버 자동포스팅\버전업\내꺼(version2)_아이디 여러개_version2_제목 다시\NewFinal_bard_naver\Premium_naver_V2.106T2.py", line 12348, in resevation_excel
    add_data_to_table(tree, [ID[excel_counter], "X"]) 
  File "C:\Users\leo9\AppData\Local\Programs\Python\Python310\lib\site-packages\pandas\core\series.py", line 981, in __getitem__
    return self._get_value(key)
  File "C:\Users\leo9\AppData\Local\Programs\Python\Python310\lib\site-packages\pandas\core\series.py", line 1089, in _get_value
    loc = self.index.get_loc(label)
  File "C:\Users\leo9\AppData\Local\Programs\Python\Python310\lib\site-packages\pandas\core\indexes\base.py", line 3805, in get_loc
    raise KeyError(key) from err
KeyError: 1
시작
File saved to: E:\SynologyDrive\10 네이버 자동포스팅\버전업\내꺼(version2)_아이디 여러개_version2_제목 다시\NewFinal_bard_naver\logfile.txt